#
# There is insufficient memory for the Java Runtime Environment to continue.
# Native memory allocation (malloc) failed to allocate 52800 bytes for Chunk::new
# Possible reasons:
#   The system is out of physical RAM or swap space
#   The process is running with CompressedOops enabled, and the Java Heap may be blocking the growth of the native heap
# Possible solutions:
#   Reduce memory load on the system
#   Increase physical memory or swap space
#   Check if swap backing store is full
#   Decrease Java heap size (-Xmx/-Xms)
#   Decrease number of Java threads
#   Decrease Java thread stack sizes (-Xss)
#   Set larger code cache with -XX:ReservedCodeCacheSize=
#   JVM is running with Unscaled Compressed Oops mode in which the Java heap is
#     placed in the first 4GB address space. The Java Heap base address is the
#     maximum limit for the native heap growth. Please use -XX:HeapBaseMinAddress
#     to set the Java Heap base and to place the Java Heap above 4GB virtual address.
# This output file may be truncated or incomplete.
#
#  Out of Memory Error (allocation.cpp:389), pid=4572, tid=0x00000000000014cc
#
# JRE version: OpenJDK Runtime Environment (8.0_232-b09) (build 1.8.0_232-BellSoft-b09)
# Java VM: OpenJDK 64-Bit Server VM (25.232-b09 mixed mode windows-amd64 compressed oops)
# Failed to write core dump. Minidumps are not enabled by default on client versions of Windows
#

---------------  T H R E A D  ---------------

Current thread (0x000000005260c800):  JavaThread "C2 CompilerThread0" daemon [_thread_in_native, id=5324, stack(0x0000000052f90000,0x0000000053090000)]

Stack: [0x0000000052f90000,0x0000000053090000]
[error occurred during error reporting (printing stack bounds), id 0xc0000005]

Native frames: (J=compiled Java code, j=interpreted, Vv=VM code, C=native code)


Current CompileTask:
C2: 364919 13014       4       net.minecraft.client.renderer.BlockFluidRenderer::renderFluid (2119 bytes)


---------------  P R O C E S S  ---------------

Java Threads: ( => current thread )
  0x0000000057396800 JavaThread "pool-2-thread-1" [_thread_blocked, id=4272, stack(0x0000000062da0000,0x0000000062ea0000)]
  0x0000000057398800 JavaThread "Netty Server IO #1" daemon [_thread_in_native, id=5000, stack(0x0000000064770000,0x0000000064870000)]
  0x0000000057397800 JavaThread "Netty Local Client IO #0" daemon [_thread_blocked, id=4700, stack(0x0000000064870000,0x0000000064970000)]
  0x0000000057396000 JavaThread "Netty Server IO #0" daemon [_thread_in_native, id=3948, stack(0x0000000063180000,0x0000000063280000)]
  0x0000000057395000 JavaThread "File IO Thread" [_thread_in_native, id=4080, stack(0x000000005ec70000,0x000000005ed70000)]
  0x0000000057393800 JavaThread "Server thread" [_thread_blocked, id=4876, stack(0x0000000060780000,0x0000000060880000)]
  0x0000000057394800 JavaThread "Snooper Timer" daemon [_thread_blocked, id=5876, stack(0x0000000060660000,0x0000000060760000)]
  0x0000000057393000 JavaThread "Narrator" daemon [_thread_blocked, id=1712, stack(0x0000000054580000,0x0000000054680000)]
  0x0000000057391800 JavaThread "Thread-8" [_thread_blocked, id=7072, stack(0x00000000632b0000,0x00000000633b0000)]
  0x0000000055548000 JavaThread "Thread-7" [_thread_blocked, id=5588, stack(0x0000000063510000,0x0000000063610000)]
  0x00000000536a6800 JavaThread "Thread-5" [_thread_blocked, id=6184, stack(0x0000000063030000,0x0000000063130000)]
  0x0000000053dde000 JavaThread "LWJGL Timer" daemon [_thread_blocked, id=6160, stack(0x0000000060350000,0x0000000060450000)]
  0x00000000550d1800 JavaThread "Java2D Disposer" daemon [_thread_blocked, id=3912, stack(0x0000000059240000,0x0000000059340000)]
  0x0000000053bd8800 JavaThread "Timer hack thread" daemon [_thread_blocked, id=3816, stack(0x00000000590c0000,0x00000000591c0000)]
  0x000000005720d000 JavaThread "Snooper Timer" daemon [_thread_blocked, id=744, stack(0x0000000058700000,0x0000000058800000)]
  0x000000005266e800 JavaThread "Service Thread" daemon [_thread_blocked, id=6680, stack(0x0000000053130000,0x0000000053230000)]
  0x0000000052668800 JavaThread "C1 CompilerThread1" daemon [_thread_in_vm, id=5796, stack(0x0000000052ca0000,0x0000000052da0000)]
=>0x000000005260c800 JavaThread "C2 CompilerThread0" daemon [_thread_in_native, id=5324, stack(0x0000000052f90000,0x0000000053090000)]
  0x000000005260b800 JavaThread "Attach Listener" daemon [_thread_blocked, id=4620, stack(0x0000000052dd0000,0x0000000052ed0000)]
  0x000000005260a000 JavaThread "Signal Dispatcher" daemon [_thread_blocked, id=6548, stack(0x0000000052b60000,0x0000000052c60000)]
  0x00000000525ea000 JavaThread "Finalizer" daemon [_thread_blocked, id=6664, stack(0x00000000529e0000,0x0000000052ae0000)]
  0x00000000525e2800 JavaThread "Reference Handler" daemon [_thread_blocked, id=6328, stack(0x0000000052890000,0x0000000052990000)]
  0x000000000041e800 JavaThread "Client thread" [_thread_in_vm, id=7112, stack(0x0000000002190000,0x0000000002290000)]

Other Threads:
  0x0000000052407800 VMThread [stack: 0x00000000524a0000,0x00000000525a0000] [id=6836]
  0x0000000052670800 WatcherThread [stack: 0x00000000532e0000,0x00000000533e0000] [id=1616]

VM state:not at safepoint (normal execution)

VM Mutex/Monitor currently owned by a thread: None

heap address: 0x00000000c4000000, size: 960 MB, Compressed Oops mode: 32-bit
Narrow klass base: 0x0000000000000000, Narrow klass shift: 0
Compressed class space size: 1073741824 Address: 0x0000000011b10000

Heap:
 def new generation   total 138816K, used 17645K [0x00000000c4000000, 0x00000000cd690000, 0x00000000d8000000)
  eden space 123456K,  11% used [0x00000000c4000000, 0x00000000c4db8ad8, 0x00000000cb890000)
  from space 15360K,  23% used [0x00000000cb890000, 0x00000000cbc12980, 0x00000000cc790000)
  to   space 15360K,   0% used [0x00000000cc790000, 0x00000000cc790000, 0x00000000cd690000)
 tenured generation   total 308256K, used 214543K [0x00000000d8000000, 0x00000000ead08000, 0x0000000100000000)
   the space 308256K,  69% used [0x00000000d8000000, 0x00000000e5183c60, 0x00000000e5183e00, 0x00000000ead08000)
 Metaspace       used 62018K, capacity 63215K, committed 63360K, reserved 1103872K
  class space    used 7678K, capacity 7993K, committed 8064K, reserved 1048576K

Card table byte_map: [0x0000000011920000,0x0000000011b10000] byte_map_base: 0x0000000011300000

Polling page: 0x0000000000130000

CodeCache: size=245760Kb used=34963Kb max_used=35123Kb free=210796Kb
 bounds [0x0000000002560000, 0x0000000004800000, 0x0000000011560000]
 total_blobs=10229 nmethods=9232 adapters=908
 compilation: enabled

Compilation events (10 events):
Event: 364.470 Thread 0x000000005260c800 nmethod 13009 0x0000000003e91150 code [0x0000000003e912a0, 0x0000000003e913b8]
Event: 364.481 Thread 0x000000005260c800 13010       4       org.apache.commons.lang3.tuple.Pair::hashCode (38 bytes)
Event: 364.487 Thread 0x000000005260c800 nmethod 13010 0x0000000004169350 code [0x0000000004169500, 0x0000000004169840]
Event: 364.500 Thread 0x0000000052668800 13011       3       java.lang.SecurityManager::checkAccess (32 bytes)
Event: 364.501 Thread 0x0000000052668800 nmethod 13011 0x00000000036a4e50 code [0x00000000036a4fe0, 0x00000000036a53b0]
Event: 364.503 Thread 0x000000005260c800 13012       4       net.minecraft.util.math.MathHelper::getRandomUUID (36 bytes)
Event: 364.511 Thread 0x000000005260c800 nmethod 13012 0x0000000003995090 code [0x0000000003995200, 0x0000000003995598]
Event: 364.535 Thread 0x0000000052668800 13013       3       com.google.common.util.concurrent.MoreExecutors$DirectExecutor::execute (7 bytes)
Event: 364.536 Thread 0x0000000052668800 nmethod 13013 0x0000000004168f10 code [0x0000000004169080, 0x0000000004169280]
Event: 364.822 Thread 0x000000005260c800 13014       4       net.minecraft.client.renderer.BlockFluidRenderer::renderFluid (2119 bytes)

GC Heap History (10 events):
Event: 304.839 GC heap before
{Heap before GC invocations=94 (full 7):
 def new generation   total 106240K, used 88450K [0x00000000c4000000, 0x00000000cb340000, 0x00000000d8000000)
  eden space 94464K,  88% used [0x00000000c4000000, 0x00000000c917d868, 0x00000000c9c40000)
  from space 11776K,  42% used [0x00000000ca7c0000, 0x00000000caca30f8, 0x00000000cb340000)
  to   space 11776K,   0% used [0x00000000c9c40000, 0x00000000c9c40000, 0x00000000ca7c0000)
 tenured generation   total 235952K, used 194760K [0x00000000d8000000, 0x00000000e666c000, 0x0000000100000000)
   the space 235952K,  82% used [0x00000000d8000000, 0x00000000e3e320d0, 0x00000000e3e32200, 0x00000000e666c000)
 Metaspace       used 60625K, capacity 61797K, committed 62208K, reserved 1103872K
  class space    used 7598K, capacity 7876K, committed 7936K, reserved 1048576K
Event: 305.518 GC heap after
Heap after GC invocations=95 (full 8):
 def new generation   total 138816K, used 0K [0x00000000c4000000, 0x00000000cd690000, 0x00000000d8000000)
  eden space 123456K,   0% used [0x00000000c4000000, 0x00000000c4000000, 0x00000000cb890000)
  from space 15360K,   0% used [0x00000000cb890000, 0x00000000cb890000, 0x00000000cc790000)
  to   space 15360K,   0% used [0x00000000cc790000, 0x00000000cc790000, 0x00000000cd690000)
 tenured generation   total 308256K, used 184951K [0x00000000d8000000, 0x00000000ead08000, 0x0000000100000000)
   the space 308256K,  59% used [0x00000000d8000000, 0x00000000e349df98, 0x00000000e349e000, 0x00000000ead08000)
 Metaspace       used 60625K, capacity 61797K, committed 62208K, reserved 1103872K
  class space    used 7598K, capacity 7876K, committed 7936K, reserved 1048576K
}
Event: 313.240 GC heap before
{Heap before GC invocations=95 (full 8):
 def new generation   total 138816K, used 123456K [0x00000000c4000000, 0x00000000cd690000, 0x00000000d8000000)
  eden space 123456K, 100% used [0x00000000c4000000, 0x00000000cb890000, 0x00000000cb890000)
  from space 15360K,   0% used [0x00000000cb890000, 0x00000000cb890000, 0x00000000cc790000)
  to   space 15360K,   0% used [0x00000000cc790000, 0x00000000cc790000, 0x00000000cd690000)
 tenured generation   total 308256K, used 184951K [0x00000000d8000000, 0x00000000ead08000, 0x0000000100000000)
   the space 308256K,  59% used [0x00000000d8000000, 0x00000000e349df98, 0x00000000e349e000, 0x00000000ead08000)
 Metaspace       used 61287K, capacity 62429K, committed 62592K, reserved 1103872K
  class space    used 7677K, capacity 7990K, committed 8064K, reserved 1048576K
Event: 313.297 GC heap after
Heap after GC invocations=96 (full 8):
 def new generation   total 138816K, used 15360K [0x00000000c4000000, 0x00000000cd690000, 0x00000000d8000000)
  eden space 123456K,   0% used [0x00000000c4000000, 0x00000000c4000000, 0x00000000cb890000)
  from space 15360K, 100% used [0x00000000cc790000, 0x00000000cd690000, 0x00000000cd690000)
  to   space 15360K,   0% used [0x00000000cb890000, 0x00000000cb890000, 0x00000000cc790000)
 tenured generation   total 308256K, used 192676K [0x00000000d8000000, 0x00000000ead08000, 0x0000000100000000)
   the space 308256K,  62% used [0x00000000d8000000, 0x00000000e3c293b0, 0x00000000e3c29400, 0x00000000ead08000)
 Metaspace       used 61287K, capacity 62429K, committed 62592K, reserved 1103872K
  class space    used 7677K, capacity 7990K, committed 8064K, reserved 1048576K
}
Event: 329.594 GC heap before
{Heap before GC invocations=96 (full 8):
 def new generation   total 138816K, used 138816K [0x00000000c4000000, 0x00000000cd690000, 0x00000000d8000000)
  eden space 123456K, 100% used [0x00000000c4000000, 0x00000000cb890000, 0x00000000cb890000)
  from space 15360K, 100% used [0x00000000cc790000, 0x00000000cd690000, 0x00000000cd690000)
  to   space 15360K,   0% used [0x00000000cb890000, 0x00000000cb890000, 0x00000000cc790000)
 tenured generation   total 308256K, used 200286K [0x00000000d8000000, 0x00000000ead08000, 0x0000000100000000)
   the space 308256K,  64% used [0x00000000d8000000, 0x00000000e4397b20, 0x00000000e4397c00, 0x00000000ead08000)
 Metaspace       used 61593K, capacity 62761K, committed 63104K, reserved 1103872K
  class space    used 7678K, capacity 7992K, committed 8064K, reserved 1048576K
Event: 329.648 GC heap after
Heap after GC invocations=97 (full 8):
 def new generation   total 138816K, used 154K [0x00000000c4000000, 0x00000000cd690000, 0x00000000d8000000)
  eden space 123456K,   0% used [0x00000000c4000000, 0x00000000c4000000, 0x00000000cb890000)
  from space 15360K,   1% used [0x00000000cb890000, 0x00000000cb8b6ad8, 0x00000000cc790000)
  to   space 15360K,   0% used [0x00000000cc790000, 0x00000000cc790000, 0x00000000cd690000)
 tenured generation   total 308256K, used 214543K [0x00000000d8000000, 0x00000000ead08000, 0x0000000100000000)
   the space 308256K,  69% used [0x00000000d8000000, 0x00000000e5183c60, 0x00000000e5183e00, 0x00000000ead08000)
 Metaspace       used 61593K, capacity 62761K, committed 63104K, reserved 1103872K
  class space    used 7678K, capacity 7992K, committed 8064K, reserved 1048576K
}
Event: 344.954 GC heap before
{Heap before GC invocations=97 (full 8):
 def new generation   total 138816K, used 123610K [0x00000000c4000000, 0x00000000cd690000, 0x00000000d8000000)
  eden space 123456K, 100% used [0x00000000c4000000, 0x00000000cb890000, 0x00000000cb890000)
  from space 15360K,   1% used [0x00000000cb890000, 0x00000000cb8b6ad8, 0x00000000cc790000)
  to   space 15360K,   0% used [0x00000000cc790000, 0x00000000cc790000, 0x00000000cd690000)
 tenured generation   total 308256K, used 214543K [0x00000000d8000000, 0x00000000ead08000, 0x0000000100000000)
   the space 308256K,  69% used [0x00000000d8000000, 0x00000000e5183c60, 0x00000000e5183e00, 0x00000000ead08000)
 Metaspace       used 61894K, capacity 63151K, committed 63360K, reserved 1103872K
  class space    used 7678K, capacity 7993K, committed 8064K, reserved 1048576K
Event: 344.967 GC heap after
Heap after GC invocations=98 (full 8):
 def new generation   total 138816K, used 3598K [0x00000000c4000000, 0x00000000cd690000, 0x00000000d8000000)
  eden space 123456K,   0% used [0x00000000c4000000, 0x00000000c4000000, 0x00000000cb890000)
  from space 15360K,  23% used [0x00000000cc790000, 0x00000000ccb13950, 0x00000000cd690000)
  to   space 15360K,   0% used [0x00000000cb890000, 0x00000000cb890000, 0x00000000cc790000)
 tenured generation   total 308256K, used 214543K [0x00000000d8000000, 0x00000000ead08000, 0x0000000100000000)
   the space 308256K,  69% used [0x00000000d8000000, 0x00000000e5183c60, 0x00000000e5183e00, 0x00000000ead08000)
 Metaspace       used 61894K, capacity 63151K, committed 63360K, reserved 1103872K
  class space    used 7678K, capacity 7993K, committed 8064K, reserved 1048576K
}
Event: 364.255 GC heap before
{Heap before GC invocations=98 (full 8):
 def new generation   total 138816K, used 127054K [0x00000000c4000000, 0x00000000cd690000, 0x00000000d8000000)
  eden space 123456K, 100% used [0x00000000c4000000, 0x00000000cb890000, 0x00000000cb890000)
  from space 15360K,  23% used [0x00000000cc790000, 0x00000000ccb13950, 0x00000000cd690000)
  to   space 15360K,   0% used [0x00000000cb890000, 0x00000000cb890000, 0x00000000cc790000)
 tenured generation   total 308256K, used 214543K [0x00000000d8000000, 0x00000000ead08000, 0x0000000100000000)
   the space 308256K,  69% used [0x00000000d8000000, 0x00000000e5183c60, 0x00000000e5183e00, 0x00000000ead08000)
 Metaspace       used 62018K, capacity 63215K, committed 63360K, reserved 1103872K
  class space    used 7678K, capacity 7993K, committed 8064K, reserved 1048576K
Event: 364.268 GC heap after
Heap after GC invocations=99 (full 8):
 def new generation   total 138816K, used 3594K [0x00000000c4000000, 0x00000000cd690000, 0x00000000d8000000)
  eden space 123456K,   0% used [0x00000000c4000000, 0x00000000c4000000, 0x00000000cb890000)
  from space 15360K,  23% used [0x00000000cb890000, 0x00000000cbc12980, 0x00000000cc790000)
  to   space 15360K,   0% used [0x00000000cc790000, 0x00000000cc790000, 0x00000000cd690000)
 tenured generation   total 308256K, used 214543K [0x00000000d8000000, 0x00000000ead08000, 0x0000000100000000)
   the space 308256K,  69% used [0x00000000d8000000, 0x00000000e5183c60, 0x00000000e5183e00, 0x00000000ead08000)
 Metaspace       used 62018K, capacity 63215K, committed 63360K, reserved 1103872K
  class space    used 7678K, capacity 7993K, committed 8064K, reserved 1048576K
}

Deoptimization events (10 events):
Event: 346.293 Thread 0x000000000041e800 Uncommon trap: reason=predicate action=maybe_recompile pc=0x000000000430f68c method=java.util.TimSort.binarySort([Ljava/lang/Object;IIILjava/util/Comparator;)V @ 37
Event: 346.307 Thread 0x000000000041e800 Uncommon trap: reason=array_check action=maybe_recompile pc=0x000000000343d8a0 method=java.util.TimSort.binarySort([Ljava/lang/Object;IIILjava/util/Comparator;)V @ 183
Event: 346.307 Thread 0x000000000041e800 Uncommon trap: reason=array_check action=maybe_recompile pc=0x000000000343d714 method=java.util.TimSort.binarySort([Ljava/lang/Object;IIILjava/util/Comparator;)V @ 215
Event: 346.307 Thread 0x000000000041e800 Uncommon trap: reason=array_check action=maybe_recompile pc=0x000000000343d8a0 method=java.util.TimSort.binarySort([Ljava/lang/Object;IIILjava/util/Comparator;)V @ 183
Event: 346.307 Thread 0x000000000041e800 Uncommon trap: reason=array_check action=maybe_recompile pc=0x000000000343d7d8 method=java.util.TimSort.binarySort([Ljava/lang/Object;IIILjava/util/Comparator;)V @ 193
Event: 346.307 Thread 0x000000000041e800 Uncommon trap: reason=array_check action=maybe_recompile pc=0x000000000343d714 method=java.util.TimSort.binarySort([Ljava/lang/Object;IIILjava/util/Comparator;)V @ 215
Event: 346.318 Thread 0x000000000041e800 Uncommon trap: reason=array_check action=maybe_recompile pc=0x0000000003df9e90 method=java.util.TimSort.binarySort([Ljava/lang/Object;IIILjava/util/Comparator;)V @ 215
Event: 347.213 Thread 0x0000000057393800 Uncommon trap: reason=class_check action=maybe_recompile pc=0x0000000003f1cf24 method=net.minecraft.entity.EntityLiving.despawnEntity()V @ 188
Event: 348.504 Thread 0x0000000057393800 Uncommon trap: reason=unstable_if action=reinterpret pc=0x00000000044a47d4 method=net.minecraft.entity.EntityLivingBase.onUpdate()V @ 709
Event: 355.508 Thread 0x0000000057393800 Uncommon trap: reason=unstable_if action=reinterpret pc=0x000000000423c504 method=net.minecraft.entity.EntityLiving.despawnEntity()V @ 200

Classes redefined (0 events):
No events

Internal exceptions (10 events):
Event: 364.465 Thread 0x0000000055548000 Exception <a 'java/lang/InterruptedException': sleep interrupted> (0x00000000c427a7c0) thrown at [C:\ws\workspace\jdk-8u232\label\windows-x86_64\type\b8\hotspot\src\share\vm\prims\jvm.cpp, line 3336]
Event: 364.465 Thread 0x0000000055548000 Exception <a 'java/lang/InterruptedException': sleep interrupted> (0x00000000c427aa40) thrown at [C:\ws\workspace\jdk-8u232\label\windows-x86_64\type\b8\hotspot\src\share\vm\prims\jvm.cpp, line 3336]
Event: 364.500 Thread 0x0000000055548000 Exception <a 'java/lang/InterruptedException': sleep interrupted> (0x00000000c427acc0) thrown at [C:\ws\workspace\jdk-8u232\label\windows-x86_64\type\b8\hotspot\src\share\vm\prims\jvm.cpp, line 3336]
Event: 364.501 Thread 0x0000000055548000 Exception <a 'java/lang/InterruptedException': sleep interrupted> (0x00000000c427af40) thrown at [C:\ws\workspace\jdk-8u232\label\windows-x86_64\type\b8\hotspot\src\share\vm\prims\jvm.cpp, line 3336]
Event: 364.682 Thread 0x0000000055548000 Exception <a 'java/lang/InterruptedException': sleep interrupted> (0x00000000c427b1c0) thrown at [C:\ws\workspace\jdk-8u232\label\windows-x86_64\type\b8\hotspot\src\share\vm\prims\jvm.cpp, line 3336]
Event: 364.682 Thread 0x0000000055548000 Exception <a 'java/lang/InterruptedException': sleep interrupted> (0x00000000c427b440) thrown at [C:\ws\workspace\jdk-8u232\label\windows-x86_64\type\b8\hotspot\src\share\vm\prims\jvm.cpp, line 3336]
Event: 364.767 Thread 0x0000000055548000 Exception <a 'java/lang/InterruptedException': sleep interrupted> (0x00000000c427b6c0) thrown at [C:\ws\workspace\jdk-8u232\label\windows-x86_64\type\b8\hotspot\src\share\vm\prims\jvm.cpp, line 3336]
Event: 364.767 Thread 0x0000000055548000 Exception <a 'java/lang/InterruptedException': sleep interrupted> (0x00000000c427b940) thrown at [C:\ws\workspace\jdk-8u232\label\windows-x86_64\type\b8\hotspot\src\share\vm\prims\jvm.cpp, line 3336]
Event: 364.800 Thread 0x0000000055548000 Exception <a 'java/lang/InterruptedException': sleep interrupted> (0x00000000c427bbc0) thrown at [C:\ws\workspace\jdk-8u232\label\windows-x86_64\type\b8\hotspot\src\share\vm\prims\jvm.cpp, line 3336]
Event: 364.800 Thread 0x0000000055548000 Exception <a 'java/lang/InterruptedException': sleep interrupted> (0x00000000c427be40) thrown at [C:\ws\workspace\jdk-8u232\label\windows-x86_64\type\b8\hotspot\src\share\vm\prims\jvm.cpp, line 3336]

Events (10 events):
Event: 360.384 Thread 0x0000000052668800 flushing nmethod 0x00000000044f1e50
Event: 360.384 Thread 0x0000000052668800 flushing nmethod 0x00000000044f8850
Event: 361.645 Thread 0x0000000057393800 DEOPT PACKING pc=0x00000000046df6fa sp=0x000000006087ea90
Event: 361.645 Thread 0x0000000057393800 DEOPT UNPACKING pc=0x00000000025a71d0 sp=0x000000006087e850 mode 0
Event: 364.255 Executing VM operation: GenCollectForAllocation
Event: 364.268 Executing VM operation: GenCollectForAllocation done
Event: 364.647 Executing VM operation: RevokeBias
Event: 364.664 Executing VM operation: RevokeBias done
Event: 364.735 Executing VM operation: RevokeBias
Event: 364.751 Executing VM operation: RevokeBias done


Dynamic libraries:
0x000000013f9b0000 - 0x000000013f9ea000 	C:\Program Files\Pylo\MCreator\jdk\bin\java.exe
0x00000000777f0000 - 0x000000007799a000 	C:\Windows\SYSTEM32\ntdll.dll
0x00000000775d0000 - 0x00000000776ef000 	C:\Windows\system32\kernel32.dll
0x000007fefd900000 - 0x000007fefd96a000 	C:\Windows\system32\KERNELBASE.dll
0x000007feff610000 - 0x000007feff6eb000 	C:\Windows\system32\ADVAPI32.dll
0x000007fefd970000 - 0x000007fefda0f000 	C:\Windows\system32\msvcrt.dll
0x000007fefdab0000 - 0x000007fefdacf000 	C:\Windows\SYSTEM32\sechost.dll
0x000007fefe1b0000 - 0x000007fefe2dd000 	C:\Windows\system32\RPCRT4.dll
0x00000000776f0000 - 0x00000000777ea000 	C:\Windows\system32\USER32.dll
0x000007fefe4f0000 - 0x000007fefe557000 	C:\Windows\system32\GDI32.dll
0x000007feff530000 - 0x000007feff53e000 	C:\Windows\system32\LPK.dll
0x000007feff540000 - 0x000007feff60b000 	C:\Windows\system32\USP10.dll
0x000007fefbf90000 - 0x000007fefc184000 	C:\Windows\WinSxS\amd64_microsoft.windows.common-controls_6595b64144ccf1df_6.0.7601.18837_none_fa3b1e3d17594757\COMCTL32.dll
0x000007feff480000 - 0x000007feff4f1000 	C:\Windows\system32\SHLWAPI.dll
0x000007feff500000 - 0x000007feff52e000 	C:\Windows\system32\IMM32.DLL
0x000007feff790000 - 0x000007feff899000 	C:\Windows\system32\MSCTF.dll
0x000007fef5fc0000 - 0x000007fef60af000 	C:\Program Files\Pylo\MCreator\jdk\jre\bin\msvcr120.dll
0x000007fef5d10000 - 0x000007fef5db6000 	C:\Program Files\Pylo\MCreator\jdk\jre\bin\msvcp120.dll
0x0000000069b20000 - 0x000000006a31e000 	C:\Program Files\Pylo\MCreator\jdk\jre\bin\server\jvm.dll
0x000007fef9600000 - 0x000007fef9609000 	C:\Windows\system32\WSOCK32.dll
0x000007fefdad0000 - 0x000007fefdb1d000 	C:\Windows\system32\WS2_32.dll
0x000007fefe2e0000 - 0x000007fefe2e8000 	C:\Windows\system32\NSI.dll
0x000007fefb120000 - 0x000007fefb15b000 	C:\Windows\system32\WINMM.dll
0x000007fefc700000 - 0x000007fefc70c000 	C:\Windows\system32\VERSION.dll
0x00000000779c0000 - 0x00000000779c7000 	C:\Windows\system32\PSAPI.DLL
0x000007fefb770000 - 0x000007fefb77f000 	C:\Program Files\Pylo\MCreator\jdk\jre\bin\verify.dll
0x000007fef60d0000 - 0x000007fef60f8000 	C:\Program Files\Pylo\MCreator\jdk\jre\bin\java.dll
0x000007fefabb0000 - 0x000007fefabc6000 	C:\Program Files\Pylo\MCreator\jdk\jre\bin\zip.dll
0x000007fefe6f0000 - 0x000007feff47b000 	C:\Windows\system32\SHELL32.dll
0x000007feff900000 - 0x000007feffafc000 	C:\Windows\system32\ole32.dll
0x000007fefd5c0000 - 0x000007fefd5cf000 	C:\Windows\system32\profapi.dll
0x000007fefb780000 - 0x000007fefb78d000 	C:\Program Files\Pylo\MCreator\jdk\jre\bin\management.dll
0x000007fefb100000 - 0x000007fefb11a000 	C:\Program Files\Pylo\MCreator\jdk\jre\bin\net.dll
0x0000000180000000 - 0x00000001800ce000 	C:\Windows\system32\qproxy64.dll
0x000007fefcd40000 - 0x000007fefcd95000 	C:\Windows\system32\MSWSOCK.dll
0x000007fefc720000 - 0x000007fefc747000 	C:\Windows\system32\IPHLPAPI.DLL
0x000007fefc710000 - 0x000007fefc71b000 	C:\Windows\system32\WINNSI.DLL
0x000007fefde70000 - 0x000007fefdf4a000 	C:\Windows\system32\OLEAUT32.dll
0x000007fefd3c0000 - 0x000007fefd3e5000 	C:\Windows\system32\SspiCli.dll
0x000007fefcd30000 - 0x000007fefcd37000 	C:\Windows\System32\wship6.dll
0x000007fefad10000 - 0x000007fefad25000 	C:\Windows\system32\NLAapi.dll
0x000007fef6550000 - 0x000007fef6565000 	C:\Windows\system32\napinsp.dll
0x000007fef6230000 - 0x000007fef6249000 	C:\Windows\system32\pnrpnsp.dll
0x000007fefcbc0000 - 0x000007fefcc1b000 	C:\Windows\system32\DNSAPI.dll
0x000007fef6220000 - 0x000007fef622b000 	C:\Windows\System32\winrnr.dll
0x0000000075210000 - 0x0000000075236000 	C:\Program Files\Bonjour\mdnsNSP.dll
0x000007fefc6e0000 - 0x000007fefc6e7000 	C:\Windows\System32\wshtcpip.dll
0x000007feee6c0000 - 0x000007feee6c8000 	C:\Windows\system32\rasadhlp.dll
0x000007fef9c00000 - 0x000007fef9c53000 	C:\Windows\System32\fwpuclnt.dll
0x000007fef6150000 - 0x000007fef6162000 	C:\Program Files\Pylo\MCreator\jdk\jre\bin\nio.dll
0x000007fefcda0000 - 0x000007fefcdb8000 	C:\Windows\system32\CRYPTSP.dll
0x000007fefcaa0000 - 0x000007fefcae7000 	C:\Windows\system32\rsaenh.dll
0x000007fefd610000 - 0x000007fefd62e000 	C:\Windows\system32\USERENV.dll
0x000007fefd450000 - 0x000007fefd45f000 	C:\Windows\system32\CRYPTBASE.dll
0x000007fef9610000 - 0x000007fef9621000 	C:\Windows\system32\dhcpcsvc6.DLL
0x000007fef9910000 - 0x000007fef9928000 	C:\Windows\system32\dhcpcsvc.DLL
0x000007fedfe20000 - 0x000007fedfe62000 	C:\Users\Mélanie\AppData\Local\Temp\jna-2096670649\jna5811777400208216132.dll
0x000007fef58d0000 - 0x000007fef58d3000 	C:\Windows\system32\api-ms-win-core-synch-l1-2-0.DLL
0x0000000052410000 - 0x0000000052463000 	C:\Users\Mélanie\.mcreator\gradle\caches\minecraft\net\minecraft\natives\1.12.2\lwjgl64.dll
0x000007fed66f0000 - 0x000007fed680d000 	C:\Windows\system32\OPENGL32.dll
0x000007fef5b40000 - 0x000007fef5b6d000 	C:\Windows\system32\GLU32.dll
0x000007fed6280000 - 0x000007fed6371000 	C:\Windows\system32\DDRAW.dll
0x000007fefabf0000 - 0x000007fefabf8000 	C:\Windows\system32\DCIMAN32.dll
0x000007fefe2f0000 - 0x000007fefe4c7000 	C:\Windows\system32\SETUPAPI.dll
0x000007fefd7d0000 - 0x000007fefd806000 	C:\Windows\system32\CFGMGR32.dll
0x000007fefd5d0000 - 0x000007fefd5ea000 	C:\Windows\system32\DEVOBJ.dll
0x000007fefb990000 - 0x000007fefb9a8000 	C:\Windows\system32\dwmapi.dll
0x000007fef43d0000 - 0x000007fef4565000 	C:\Program Files\Pylo\MCreator\jdk\jre\bin\awt.dll
0x000007fefbdb0000 - 0x000007fefbe06000 	C:\Windows\system32\uxtheme.dll
0x0000000059950000 - 0x000000005b2a3000 	C:\Windows\system32\nvoglv64.DLL
0x000007fefb740000 - 0x000007fefb76d000 	C:\Windows\system32\ntmarta.dll
0x000007feff8a0000 - 0x000007feff8f2000 	C:\Windows\system32\WLDAP32.dll
0x000007fefa4c0000 - 0x000007fefa55c000 	C:\Windows\system32\mscms.dll
0x000007fedecb0000 - 0x000007fedecf2000 	C:\Windows\system32\icm32.dll
0x000007fedebd0000 - 0x000007fedec12000 	C:\Users\Mélanie\AppData\Local\Temp\jna-2096670649\jna2738887604819545102.dll
0x000007fefda10000 - 0x000007fefdaa9000 	C:\Windows\system32\CLBCatQ.DLL
0x0000000053090000 - 0x00000000530f4000 	C:\Users\Mélanie\.mcreator\gradle\caches\minecraft\net\minecraft\natives\1.12.2\OpenAL64.dll
0x000007fefb9b0000 - 0x000007fefb9fb000 	C:\Windows\System32\MMDevApi.dll
0x000007fefbe10000 - 0x000007fefbf3c000 	C:\Windows\System32\PROPSYS.dll
0x000007fececa0000 - 0x000007feced28000 	C:\Windows\system32\dsound.dll
0x000007fefb2c0000 - 0x000007fefb2ec000 	C:\Windows\system32\POWRPROF.dll
0x000007fef4580000 - 0x000007fef459a000 	C:\Users\Mélanie\.mcreator\gradle\caches\minecraft\net\minecraft\natives\1.12.2\SAPIWrapper_x64.dll
0x000007fee2ed0000 - 0x000007fee2ef3000 	C:\Program Files\Pylo\MCreator\jdk\jre\bin\sunec.dll
0x000007fee65d0000 - 0x000007fee65db000 	C:\Program Files\Pylo\MCreator\jdk\jre\bin\sunmscapi.dll
0x000007fefd650000 - 0x000007fefd7bd000 	C:\Windows\system32\CRYPT32.dll
0x000007fefd5b0000 - 0x000007fefd5bf000 	C:\Windows\system32\MSASN1.dll
0x000007fefe560000 - 0x000007fefe6e5000 	C:\Windows\system32\urlmon.dll
0x000007fefd810000 - 0x000007fefd814000 	C:\Windows\system32\api-ms-win-downlevel-ole32-l1-1-0.dll
0x000007fefd600000 - 0x000007fefd604000 	C:\Windows\system32\api-ms-win-downlevel-shlwapi-l1-1-0.dll
0x000007fefd640000 - 0x000007fefd645000 	C:\Windows\system32\api-ms-win-downlevel-advapi32-l1-1-0.dll
0x000007fefd7c0000 - 0x000007fefd7c4000 	C:\Windows\system32\api-ms-win-downlevel-user32-l1-1-0.dll
0x000007fefd5f0000 - 0x000007fefd5f4000 	C:\Windows\system32\api-ms-win-downlevel-version-l1-1-0.dll
0x000007fefd630000 - 0x000007fefd633000 	C:\Windows\system32\api-ms-win-downlevel-normaliz-l1-1-0.dll
0x00000000779b0000 - 0x00000000779b3000 	C:\Windows\system32\normaliz.DLL
0x000007fefdba0000 - 0x000007fefde67000 	C:\Windows\system32\iertutil.dll
0x000007fefdf50000 - 0x000007fefe1aa000 	C:\Windows\system32\WININET.dll

VM Arguments:
jvm_args: -Dfile.encoding=windows-1252 -Duser.country=FR -Duser.language=fr -Duser.variant 
java_command: GradleStart
java_class_path (initial): C:\Users\Mélanie\.mcreator\gradle\caches\minecraft\deobfedDeps\compileDummy.jar;C:\Users\Mélanie\.mcreator\gradle\caches\minecraft\deobfedDeps\providedDummy.jar;C:\Users\Mélanie\.mcreator\gradle\caches\minecraft\net\minecraftforge\forge\1.12.2-14.23.5.2768\snapshot\20171003\forgeSrc-1.12.2-14.23.5.2768.jar;C:\Users\Mélanie\.mcreator\gradle\caches\modules-2\files-2.1\com.mojang\authlib\1.5.25\9834cdf236c22e84b946bba989e2f94ef5897c3c\authlib-1.5.25.jar;C:\Users\Mélanie\.mcreator\gradle\caches\modules-2\files-2.1\com.google.code.findbugs\jsr305\3.0.1\f7be08ec23c21485b9b5a1cf1654c2ec8c58168d\jsr305-3.0.1.jar;C:\Users\Mélanie\.mcreator\gradle\caches\modules-2\files-2.1\com.mojang\patchy\1.1\aef610b34a1be37fa851825f12372b78424d8903\patchy-1.1.jar;C:\Users\Mélanie\.mcreator\gradle\caches\modules-2\files-2.1\oshi-project\oshi-core\1.1\9ddf7b048a8d701be231c0f4f95fd986198fd2d8\oshi-core-1.1.jar;C:\Users\Mélanie\.mcreator\gradle\caches\modules-2\files-2.1\com.mojang\text2speech\1.10.3\48fd510879dff266c3815947de66e3d4809f8668\text2speech-1.10.3.jar;C:\Users\Mélanie\.mcreator\gradle\caches\modules-2\files-2.1\ca.weblite\java-objc-bridge\1.0.0\6ef160c3133a78de015830860197602ca1c855d3\java-objc-bridge-1.0.0.jar;C:\Users\Mélanie\.mcreator\gradle\caches\modules-2\files-2.1\net.java.dev.jna\jna\4.4.0\cb208278274bf12ebdb56c61bd7407e6f774d65a\jna-4.4.0.jar;C:\Users\Mélanie\.mcreator\gradle\caches\modules-2\files-2.1\net.java.dev.jna\platform\3.4.0\e3f70017be8100d3d6923f50b3d2ee17714e9c13\platform-3.4.0.jar;C:\Users\Mélanie\.mcreator\gradle\caches\modules-2\files-2.1\com.ibm.icu\icu4j-core-mojang\51.2\63d216a9311cca6be337c1e458e587f99d382b84\icu4j-core-mojang-51.2.jar;C:\Users\Mélanie\.mcreator\gradle\caches\modules-2\files-2.1\net.minecraft\launchwrapper\1.12\111e7bea9c968cdb3d06ef4632bf7ff0824d0f36\launchwrapper-1.12.jar;C:\Users\Mélanie\.mcreator\gradle\caches\modules-2\files-2.1\net.sf.jopt-simple\jopt-simple\5.0.3\cdd846cfc4e0f7eefafc02c0f5dce32b9303aa2
Launcher Type: SUN_STANDARD

Environment Variables:
JAVA_HOME=C:\Progra~1\Java\jdk1.8.0_251
PATH=C:\Progra~1\Java\jdk1.8.0_251\bin;C:\Program Files (x86)\Common Files\Oracle\Java\javapath;C:\ProgramData\Oracle\Java\javapath;C:\Windows\system32;C:\Windows;C:\Windows\System32\Wbem;C:\Windows\System32\WindowsPowerShell\v1.0\;C:\Program Files\PuTTY\;C:\Program Files (x86)\Jar2Exe Wizard\;C:\Program Files\Pylo\MCreator\jdk\jre\bin
USERNAME=Mélanie
OS=Windows_NT
PROCESSOR_IDENTIFIER=AMD64 Family 15 Model 127 Stepping 2, AuthenticAMD



---------------  S Y S T E M  ---------------

OS: Windows 7 , 64 bit Build 7601 (6.1.7601.23807)

CPU:total 1 (initial active 1) (1 cores per cpu, 1 threads per core) family 15 model 127 stepping 2, cmov, cx8, fxsr, mmx, sse, sse2, sse3, mmxext, 3dnowpref, tsc

Memory: 4k page, physical 3930616k(743952k free), swap 5847488k(4996k free)

vm_info: OpenJDK 64-Bit Server VM (25.232-b09) for windows-amd64 JRE (1.8.0_232-BellSoft-b09), built on Oct 16 2019 00:56:45 by "hudson" with MS VC++ 12.0 (VS2013)

time: Mon May 11 22:10:38 2020
timezone: Paris, Madrid (heure d?été)
elapsed time: 364 seconds (0d 0h 6m 4s)

