#
# There is insufficient memory for the Java Runtime Environment to continue.
# Native memory allocation (malloc) failed to allocate 4088 bytes for AllocateHeap
# Possible reasons:
#   The system is out of physical RAM or swap space
#   The process is running with CompressedOops enabled, and the Java Heap may be blocking the growth of the native heap
# Possible solutions:
#   Reduce memory load on the system
#   Increase physical memory or swap space
#   Check if swap backing store is full
#   Decrease Java heap size (-Xmx/-Xms)
#   Decrease number of Java threads
#   Decrease Java thread stack sizes (-Xss)
#   Set larger code cache with -XX:ReservedCodeCacheSize=
#   JVM is running with Unscaled Compressed Oops mode in which the Java heap is
#     placed in the first 4GB address space. The Java Heap base address is the
#     maximum limit for the native heap growth. Please use -XX:HeapBaseMinAddress
#     to set the Java Heap base and to place the Java Heap above 4GB virtual address.
# This output file may be truncated or incomplete.
#
#  Out of Memory Error (memory/allocation.inline.hpp:61), pid=6524, tid=0x00000000000011ec
#
# JRE version: OpenJDK Runtime Environment (8.0_232-b09) (build 1.8.0_232-BellSoft-b09)
# Java VM: OpenJDK 64-Bit Server VM (25.232-b09 mixed mode windows-amd64 compressed oops)
# Failed to write core dump. Minidumps are not enabled by default on client versions of Windows
#

---------------  T H R E A D  ---------------

Current thread (0x00000000524a7800):  VMThread [stack: 0x0000000052590000,0x0000000052690000] [id=4588]

Stack: [0x0000000052590000,0x0000000052690000]
[error occurred during error reporting (printing stack bounds), id 0xc0000005]

Native frames: (J=compiled Java code, j=interpreted, Vv=VM code, C=native code)

VM_Operation (0x00000000634fef00): GenCollectForAllocation, mode: safepoint, requested by thread 0x000000005510d800


---------------  P R O C E S S  ---------------

Java Threads: ( => current thread )
  0x000000005510d000 JavaThread "pool-2-thread-1" [_thread_blocked, id=4296, stack(0x00000000637f0000,0x00000000638f0000)]
  0x000000005510d800 JavaThread "Netty Server IO #1" daemon [_thread_blocked, id=2300, stack(0x0000000063400000,0x0000000063500000)]
  0x000000005510c000 JavaThread "Netty Local Client IO #0" daemon [_thread_blocked, id=6812, stack(0x0000000062ef0000,0x0000000062ff0000)]
  0x000000005510b800 JavaThread "Netty Server IO #0" daemon [_thread_blocked, id=636, stack(0x00000000609d0000,0x0000000060ad0000)]
  0x000000005510a800 JavaThread "File IO Thread" [_thread_blocked, id=5716, stack(0x00000000586f0000,0x00000000587f0000)]
  0x0000000055109000 JavaThread "Server thread" [_thread_blocked, id=7076, stack(0x0000000060ad0000,0x0000000060bd0000)]
  0x000000005510a000 JavaThread "Snooper Timer" daemon [_thread_blocked, id=4048, stack(0x00000000608c0000,0x00000000609c0000)]
  0x0000000055108800 JavaThread "Narrator" daemon [_thread_blocked, id=6736, stack(0x0000000064930000,0x0000000064a30000)]
  0x0000000055107000 JavaThread "Thread-8" [_thread_blocked, id=2348, stack(0x00000000575a0000,0x00000000576a0000)]
  0x0000000057238000 JavaThread "Thread-7" [_thread_blocked, id=4972, stack(0x00000000632e0000,0x00000000633e0000)]
  0x000000005357e000 JavaThread "Thread-5" [_thread_blocked, id=6284, stack(0x00000000621a0000,0x00000000622a0000)]
  0x0000000056d1e800 JavaThread "LWJGL Timer" daemon [_thread_blocked, id=4928, stack(0x00000000604e0000,0x00000000605e0000)]
  0x00000000553a9000 JavaThread "Java2D Disposer" daemon [_thread_blocked, id=4824, stack(0x0000000059360000,0x0000000059460000)]
  0x00000000557ad000 JavaThread "Timer hack thread" daemon [_thread_blocked, id=6840, stack(0x0000000059230000,0x0000000059330000)]
  0x0000000056bff800 JavaThread "Snooper Timer" daemon [_thread_blocked, id=6468, stack(0x0000000054670000,0x0000000054770000)]
  0x000000005275e800 JavaThread "Service Thread" daemon [_thread_blocked, id=1100, stack(0x0000000053140000,0x0000000053240000)]
  0x0000000052758800 JavaThread "C1 CompilerThread1" daemon [_thread_blocked, id=6360, stack(0x0000000053000000,0x0000000053100000)]
  0x00000000526fc800 JavaThread "C2 CompilerThread0" daemon [_thread_blocked, id=4512, stack(0x0000000052e40000,0x0000000052f40000)]
  0x00000000526fb800 JavaThread "Attach Listener" daemon [_thread_blocked, id=6300, stack(0x0000000052c50000,0x0000000052d50000)]
  0x00000000526fa000 JavaThread "Signal Dispatcher" daemon [_thread_blocked, id=7044, stack(0x0000000052b40000,0x0000000052c40000)]
  0x00000000526da000 JavaThread "Finalizer" daemon [_thread_blocked, id=4352, stack(0x0000000052a40000,0x0000000052b40000)]
  0x00000000526d2800 JavaThread "Reference Handler" daemon [_thread_blocked, id=3204, stack(0x00000000528f0000,0x00000000529f0000)]
  0x000000000033e800 JavaThread "Client thread" [_thread_blocked, id=6872, stack(0x00000000020e0000,0x00000000021e0000)]

Other Threads:
=>0x00000000524a7800 VMThread [stack: 0x0000000052590000,0x0000000052690000] [id=4588]
  0x0000000052760800 WatcherThread [stack: 0x00000000533b0000,0x00000000534b0000] [id=6660]

VM state:at safepoint (normal execution)

VM Mutex/Monitor currently owned by a thread:  ([mutex/lock_event])
[0x000000000033cec0] Threads_lock - owner thread: 0x00000000524a7800
[0x000000000033d3c0] Heap_lock - owner thread: 0x000000005510d800

heap address: 0x00000000c4000000, size: 960 MB, Compressed Oops mode: 32-bit
Narrow klass base: 0x0000000000000000, Narrow klass shift: 0
Compressed class space size: 1073741824 Address: 0x0000000011bb0000

Heap:
 def new generation   total 189824K, used 182828K [0x00000000c4000000, 0x00000000d0df0000, 0x00000000d8000000)
  eden space 168768K, 100% used [0x00000000c4000000, 0x00000000ce4d0000, 0x00000000ce4d0000)
  from space 21056K,  66% used [0x00000000cf960000, 0x00000000d071b018, 0x00000000d0df0000)
  to   space 21056K,  67% used [0x00000000ce4d0000, 0x00000000cf2bb470, 0x00000000cf960000)
 tenured generation   total 472364K, used 472364K [0x00000000d8000000, 0x00000000f4d4b000, 0x0000000100000000)
   the space 472364K, 100% used [0x00000000d8000000, 0x00000000f4d4b000, 0x00000000f4d4b000, 0x00000000f4d4b000)
 Metaspace       used 61530K, capacity 62693K, committed 62848K, reserved 1103872K
  class space    used 7681K, capacity 7990K, committed 8064K, reserved 1048576K

Card table byte_map: [0x0000000011870000,0x0000000011a60000] byte_map_base: 0x0000000011250000

Polling page: 0x0000000000430000

CodeCache: size=245760Kb used=31267Kb max_used=32928Kb free=214492Kb
 bounds [0x00000000024b0000, 0x0000000004530000, 0x00000000114b0000]
 total_blobs=9860 nmethods=8864 adapters=907
 compilation: enabled

Compilation events (10 events):
Event: 227.894 Thread 0x00000000526fc800 12195   !   4       java.util.zip.Deflater::finished (19 bytes)
Event: 227.896 Thread 0x00000000526fc800 nmethod 12195 0x0000000003cacdd0 code [0x0000000003cacf20, 0x0000000003cad138]
Event: 228.452 Thread 0x0000000052758800 12196       3       net.minecraft.nbt.NBTTagLong::write (11 bytes)
Event: 228.453 Thread 0x0000000052758800 nmethod 12196 0x0000000003c97050 code [0x0000000003c971c0, 0x0000000003c973e0]
Event: 243.860 Thread 0x0000000052758800 12197       3       net.minecraft.nbt.NBTTagByteArray::write (22 bytes)
Event: 243.860 Thread 0x0000000052758800 nmethod 12197 0x0000000003c70450 code [0x0000000003c705c0, 0x0000000003c708b0]
Event: 243.860 Thread 0x0000000052758800 12198       3       java.io.FilterOutputStream::write (9 bytes)
Event: 243.860 Thread 0x0000000052758800 nmethod 12198 0x00000000044c63d0 code [0x00000000044c6540, 0x00000000044c6760]
Event: 250.219 Thread 0x0000000052758800 12199       1       io.netty.util.internal.shaded.org.jctools.queues.MpscChunkedArrayQueue::availableInQueue (9 bytes)
Event: 250.220 Thread 0x0000000052758800 nmethod 12199 0x00000000044c6110 code [0x00000000044c6260, 0x00000000044c6370]

GC Heap History (10 events):
Event: 227.808 GC heap after
Heap after GC invocations=104 (full 9):
 def new generation   total 189824K, used 0K [0x00000000c4000000, 0x00000000d0df0000, 0x00000000d8000000)
  eden space 168768K,   0% used [0x00000000c4000000, 0x00000000c4000000, 0x00000000ce4d0000)
  from space 21056K,   0% used [0x00000000ce4d0000, 0x00000000ce4d0000, 0x00000000cf960000)
  to   space 21056K,   0% used [0x00000000cf960000, 0x00000000cf960000, 0x00000000d0df0000)
 tenured generation   total 421580K, used 252946K [0x00000000d8000000, 0x00000000f1bb3000, 0x0000000100000000)
   the space 421580K,  59% used [0x00000000d8000000, 0x00000000e7704820, 0x00000000e7704a00, 0x00000000f1bb3000)
 Metaspace       used 61527K, capacity 62693K, committed 62848K, reserved 1103872K
  class space    used 7680K, capacity 7990K, committed 8064K, reserved 1048576K
}
Event: 228.254 GC heap before
{Heap before GC invocations=104 (full 9):
 def new generation   total 189824K, used 168768K [0x00000000c4000000, 0x00000000d0df0000, 0x00000000d8000000)
  eden space 168768K, 100% used [0x00000000c4000000, 0x00000000ce4d0000, 0x00000000ce4d0000)
  from space 21056K,   0% used [0x00000000ce4d0000, 0x00000000ce4d0000, 0x00000000cf960000)
  to   space 21056K,   0% used [0x00000000cf960000, 0x00000000cf960000, 0x00000000d0df0000)
 tenured generation   total 421580K, used 252946K [0x00000000d8000000, 0x00000000f1bb3000, 0x0000000100000000)
   the space 421580K,  59% used [0x00000000d8000000, 0x00000000e7704820, 0x00000000e7704a00, 0x00000000f1bb3000)
 Metaspace       used 61527K, capacity 62693K, committed 62848K, reserved 1103872K
  class space    used 7680K, capacity 7990K, committed 8064K, reserved 1048576K
Event: 228.334 GC heap after
Heap after GC invocations=105 (full 9):
 def new generation   total 189824K, used 16329K [0x00000000c4000000, 0x00000000d0df0000, 0x00000000d8000000)
  eden space 168768K,   0% used [0x00000000c4000000, 0x00000000c4000000, 0x00000000ce4d0000)
  from space 21056K,  77% used [0x00000000cf960000, 0x00000000d09524e8, 0x00000000d0df0000)
  to   space 21056K,   0% used [0x00000000ce4d0000, 0x00000000ce4d0000, 0x00000000cf960000)
 tenured generation   total 421580K, used 252946K [0x00000000d8000000, 0x00000000f1bb3000, 0x0000000100000000)
   the space 421580K,  59% used [0x00000000d8000000, 0x00000000e7704820, 0x00000000e7704a00, 0x00000000f1bb3000)
 Metaspace       used 61527K, capacity 62693K, committed 62848K, reserved 1103872K
  class space    used 7680K, capacity 7990K, committed 8064K, reserved 1048576K
}
Event: 234.159 GC heap before
{Heap before GC invocations=105 (full 9):
 def new generation   total 189824K, used 189824K [0x00000000c4000000, 0x00000000d0df0000, 0x00000000d8000000)
  eden space 168768K, 100% used [0x00000000c4000000, 0x00000000ce4d0000, 0x00000000ce4d0000)
  from space 21056K, 100% used [0x00000000cf960000, 0x00000000d0df0000, 0x00000000d0df0000)
  to   space 21056K,   0% used [0x00000000ce4d0000, 0x00000000ce4d0000, 0x00000000cf960000)
 tenured generation   total 467648K, used 467648K [0x00000000d8000000, 0x00000000f48b0000, 0x0000000100000000)
   the space 467648K, 100% used [0x00000000d8000000, 0x00000000f48b0000, 0x00000000f48b0000, 0x00000000f48b0000)
 Metaspace       used 61530K, capacity 62693K, committed 62848K, reserved 1103872K
  class space    used 7681K, capacity 7990K, committed 8064K, reserved 1048576K
Event: 242.382 GC heap after
Heap after GC invocations=106 (full 9):
 def new generation   total 189824K, used 175812K [0x00000000c4000000, 0x00000000d0df0000, 0x00000000d8000000)
  eden space 168768K, 100% used [0x00000000c4000000, 0x00000000ce4d0000, 0x00000000ce4d0000)
  from space 21056K,  33% used [0x00000000ce4d0000, 0x00000000cebb1018, 0x00000000cf960000)
  to   space 21056K, 100% used [0x00000000cf960000, 0x00000000d0df0000, 0x00000000d0df0000)
 tenured generation   total 468544K, used 468429K [0x00000000d8000000, 0x00000000f4990000, 0x0000000100000000)
   the space 468544K,  99% used [0x00000000d8000000, 0x00000000f49736d0, 0x00000000f4973800, 0x00000000f4990000)
 Metaspace       used 61530K, capacity 62693K, committed 62848K, reserved 1103872K
  class space    used 7681K, capacity 7990K, committed 8064K, reserved 1048576K
}
Event: 242.382 GC heap before
{Heap before GC invocations=106 (full 9):
 def new generation   total 189824K, used 175812K [0x00000000c4000000, 0x00000000d0df0000, 0x00000000d8000000)
  eden space 168768K, 100% used [0x00000000c4000000, 0x00000000ce4d0000, 0x00000000ce4d0000)
  from space 21056K,  33% used [0x00000000ce4d0000, 0x00000000cebb1018, 0x00000000cf960000)
  to   space 21056K, 100% used [0x00000000cf960000, 0x00000000d0df0000, 0x00000000d0df0000)
 tenured generation   total 468544K, used 468429K [0x00000000d8000000, 0x00000000f4990000, 0x0000000100000000)
   the space 468544K,  99% used [0x00000000d8000000, 0x00000000f49736d0, 0x00000000f4973800, 0x00000000f4990000)
 Metaspace       used 61530K, capacity 62693K, committed 62848K, reserved 1103872K
  class space    used 7681K, capacity 7990K, committed 8064K, reserved 1048576K
Event: 243.697 GC heap after
Heap after GC invocations=107 (full 10):
 def new generation   total 189824K, used 0K [0x00000000c4000000, 0x00000000d0df0000, 0x00000000d8000000)
  eden space 168768K,   0% used [0x00000000c4000000, 0x00000000c4000000, 0x00000000ce4d0000)
  from space 21056K,   0% used [0x00000000ce4d0000, 0x00000000ce4d0000, 0x00000000cf960000)
  to   space 21056K,   0% used [0x00000000cf960000, 0x00000000cf960000, 0x00000000d0df0000)
 tenured generation   total 468544K, used 315123K [0x00000000d8000000, 0x00000000f4990000, 0x0000000100000000)
   the space 468544K,  67% used [0x00000000d8000000, 0x00000000eb3bcf68, 0x00000000eb3bd000, 0x00000000f4990000)
 Metaspace       used 61530K, capacity 62693K, committed 62848K, reserved 1103872K
  class space    used 7681K, capacity 7990K, committed 8064K, reserved 1048576K
}
Event: 248.944 GC heap before
{Heap before GC invocations=107 (full 10):
 def new generation   total 189824K, used 189824K [0x00000000c4000000, 0x00000000d0df0000, 0x00000000d8000000)
  eden space 168768K, 100% used [0x00000000c4000000, 0x00000000ce4d0000, 0x00000000ce4d0000)
  from space 21056K, 100% used [0x00000000ce4d0000, 0x00000000cf960000, 0x00000000cf960000)
  to   space 21056K,   0% used [0x00000000cf960000, 0x00000000cf960000, 0x00000000d0df0000)
 tenured generation   total 470356K, used 470355K [0x00000000d8000000, 0x00000000f4b55000, 0x0000000100000000)
   the space 470356K,  99% used [0x00000000d8000000, 0x00000000f4b54ff0, 0x00000000f4b55000, 0x00000000f4b55000)
 Metaspace       used 61530K, capacity 62693K, committed 62848K, reserved 1103872K
  class space    used 7681K, capacity 7990K, committed 8064K, reserved 1048576K
Event: 249.187 GC heap after
Heap after GC invocations=108 (full 10):
 def new generation   total 189824K, used 14060K [0x00000000c4000000, 0x00000000d0df0000, 0x00000000d8000000)
  eden space 168768K,   0% used [0x00000000c4000000, 0x00000000c4000000, 0x00000000ce4d0000)
  from space 21056K,  66% used [0x00000000cf960000, 0x00000000d071b018, 0x00000000d0df0000)
  to   space 21056K,   0% used [0x00000000ce4d0000, 0x00000000ce4d0000, 0x00000000cf960000)
 tenured generation   total 470356K, used 470355K [0x00000000d8000000, 0x00000000f4b55000, 0x0000000100000000)
   the space 470356K,  99% used [0x00000000d8000000, 0x00000000f4b54ff0, 0x00000000f4b55000, 0x00000000f4b55000)
 Metaspace       used 61530K, capacity 62693K, committed 62848K, reserved 1103872K
  class space    used 7681K, capacity 7990K, committed 8064K, reserved 1048576K
}
Event: 250.267 GC heap before
{Heap before GC invocations=108 (full 10):
 def new generation   total 189824K, used 182828K [0x00000000c4000000, 0x00000000d0df0000, 0x00000000d8000000)
  eden space 168768K, 100% used [0x00000000c4000000, 0x00000000ce4d0000, 0x00000000ce4d0000)
  from space 21056K,  66% used [0x00000000cf960000, 0x00000000d071b018, 0x00000000d0df0000)
  to   space 21056K,   0% used [0x00000000ce4d0000, 0x00000000ce4d0000, 0x00000000cf960000)
 tenured generation   total 470356K, used 470355K [0x00000000d8000000, 0x00000000f4b55000, 0x0000000100000000)
   the space 470356K,  99% used [0x00000000d8000000, 0x00000000f4b54ff0, 0x00000000f4b55000, 0x00000000f4b55000)
 Metaspace       used 61530K, capacity 62693K, committed 62848K, reserved 1103872K
  class space    used 7681K, capacity 7990K, committed 8064K, reserved 1048576K

Deoptimization events (10 events):
Event: 217.498 Thread 0x000000000033e800 Uncommon trap: reason=class_check action=maybe_recompile pc=0x00000000033b4bb4 method=net.minecraft.util.math.Vec3i.equals(Ljava/lang/Object;)Z @ 22
Event: 217.498 Thread 0x000000000033e800 Uncommon trap: reason=class_check action=maybe_recompile pc=0x00000000033b4bb4 method=net.minecraft.util.math.Vec3i.equals(Ljava/lang/Object;)Z @ 22
Event: 217.498 Thread 0x000000000033e800 Uncommon trap: reason=class_check action=maybe_recompile pc=0x00000000033b4bb4 method=net.minecraft.util.math.Vec3i.equals(Ljava/lang/Object;)Z @ 22
Event: 217.529 Thread 0x000000000033e800 Uncommon trap: reason=class_check action=maybe_recompile pc=0x00000000040b348c method=net.minecraft.util.math.AxisAlignedBB.offset(Lnet/minecraft/util/math/BlockPos;)Lnet/minecraft/util/math/AxisAlignedBB; @ 9
Event: 217.850 Thread 0x0000000055109000 Uncommon trap: reason=bimorphic action=maybe_recompile pc=0x00000000033b6c40 method=net.minecraft.entity.ai.EntityAITasks.onUpdateTasks()V @ 89
Event: 218.027 Thread 0x0000000055109000 Uncommon trap: reason=unstable_if action=reinterpret pc=0x00000000040f5394 method=net.minecraft.world.chunk.Chunk.getLightSubtracted(Lnet/minecraft/util/math/BlockPos;I)I @ 39
Event: 219.909 Thread 0x0000000055109000 Uncommon trap: reason=predicate action=maybe_recompile pc=0x00000000044e6550 method=net.mcreator.machinetryallium.procedure.ProcedureGoldstickRightClickedInAir.executeProcedure(Ljava/util/HashMap;)V @ 60
Event: 224.511 Thread 0x000000005510d800 Uncommon trap: reason=unstable_if action=reinterpret pc=0x0000000003eb07d4 method=io.netty.util.concurrent.SingleThreadEventExecutor.runAllTasks(J)Z @ 61
Event: 224.515 Thread 0x000000005510d800 Uncommon trap: reason=unstable_if action=reinterpret pc=0x0000000003f21c14 method=io.netty.util.concurrent.SingleThreadEventExecutor.runAllTasks(J)Z @ 61
Event: 224.532 Thread 0x000000005510c000 Uncommon trap: reason=unstable_if action=reinterpret pc=0x0000000003ed42a0 method=io.netty.util.internal.shaded.org.jctools.queues.BaseLinkedQueue.isEmpty()Z @ 8

Classes redefined (0 events):
No events

Internal exceptions (10 events):
Event: 210.184 Thread 0x0000000057238000 Exception <a 'java/lang/InterruptedException': sleep interrupted> (0x00000000c477ec10) thrown at [C:\ws\workspace\jdk-8u232\label\windows-x86_64\type\b8\hotspot\src\share\vm\prims\jvm.cpp, line 3336]
Event: 210.184 Thread 0x0000000057238000 Exception <a 'java/lang/InterruptedException': sleep interrupted> (0x00000000c477eec8) thrown at [C:\ws\workspace\jdk-8u232\label\windows-x86_64\type\b8\hotspot\src\share\vm\prims\jvm.cpp, line 3336]
Event: 211.341 Thread 0x0000000057238000 Exception <a 'java/lang/InterruptedException': sleep interrupted> (0x00000000c477f148) thrown at [C:\ws\workspace\jdk-8u232\label\windows-x86_64\type\b8\hotspot\src\share\vm\prims\jvm.cpp, line 3336]
Event: 211.341 Thread 0x0000000057238000 Exception <a 'java/lang/InterruptedException': sleep interrupted> (0x00000000c477f3c8) thrown at [C:\ws\workspace\jdk-8u232\label\windows-x86_64\type\b8\hotspot\src\share\vm\prims\jvm.cpp, line 3336]
Event: 211.442 Thread 0x000000000033e800 Implicit null exception at 0x00000000028d52e4 to 0x00000000028d55e5
Event: 215.808 Thread 0x000000000033e800 Implicit null exception at 0x0000000004302202 to 0x0000000004302286
Event: 216.723 Thread 0x0000000057238000 Exception <a 'java/lang/InterruptedException': sleep interrupted> (0x00000000c477f648) thrown at [C:\ws\workspace\jdk-8u232\label\windows-x86_64\type\b8\hotspot\src\share\vm\prims\jvm.cpp, line 3336]
Event: 216.965 Thread 0x0000000057238000 Exception <a 'java/lang/InterruptedException': sleep interrupted> (0x00000000c477f8f0) thrown at [C:\ws\workspace\jdk-8u232\label\windows-x86_64\type\b8\hotspot\src\share\vm\prims\jvm.cpp, line 3336]
Event: 217.614 Thread 0x0000000057238000 Exception <a 'java/lang/InterruptedException': sleep interrupted> (0x00000000c4a773c8) thrown at [C:\ws\workspace\jdk-8u232\label\windows-x86_64\type\b8\hotspot\src\share\vm\prims\jvm.cpp, line 3336]
Event: 218.027 Thread 0x0000000055109000 Implicit null exception at 0x00000000040f5126 to 0x00000000040f5371

Events (10 events):
Event: 228.353 loading class sun/security/ssl/SecureKey done
Event: 228.788 Executing VM operation: GenCollectForAllocation
Event: 228.789 Executing VM operation: GenCollectForAllocation done
Event: 234.159 Executing VM operation: GenCollectFull
Event: 243.697 Executing VM operation: GenCollectFull done
Event: 244.069 Executing VM operation: GenCollectForAllocation
Event: 244.104 Executing VM operation: GenCollectForAllocation done
Event: 248.943 Executing VM operation: GenCollectFull
Event: 249.187 Executing VM operation: GenCollectFull done
Event: 250.266 Executing VM operation: GenCollectForAllocation


Dynamic libraries:
0x000000013f280000 - 0x000000013f2ba000 	C:\Program Files\Pylo\MCreator\jdk\bin\java.exe
0x00000000777f0000 - 0x000000007799a000 	C:\Windows\SYSTEM32\ntdll.dll
0x00000000775d0000 - 0x00000000776ef000 	C:\Windows\system32\kernel32.dll
0x000007fefd900000 - 0x000007fefd96a000 	C:\Windows\system32\KERNELBASE.dll
0x000007feff610000 - 0x000007feff6eb000 	C:\Windows\system32\ADVAPI32.dll
0x000007fefd970000 - 0x000007fefda0f000 	C:\Windows\system32\msvcrt.dll
0x000007fefdab0000 - 0x000007fefdacf000 	C:\Windows\SYSTEM32\sechost.dll
0x000007fefe1b0000 - 0x000007fefe2dd000 	C:\Windows\system32\RPCRT4.dll
0x00000000776f0000 - 0x00000000777ea000 	C:\Windows\system32\USER32.dll
0x000007fefe4f0000 - 0x000007fefe557000 	C:\Windows\system32\GDI32.dll
0x000007feff530000 - 0x000007feff53e000 	C:\Windows\system32\LPK.dll
0x000007feff540000 - 0x000007feff60b000 	C:\Windows\system32\USP10.dll
0x000007fefbf90000 - 0x000007fefc184000 	C:\Windows\WinSxS\amd64_microsoft.windows.common-controls_6595b64144ccf1df_6.0.7601.18837_none_fa3b1e3d17594757\COMCTL32.dll
0x000007feff480000 - 0x000007feff4f1000 	C:\Windows\system32\SHLWAPI.dll
0x000007feff500000 - 0x000007feff52e000 	C:\Windows\system32\IMM32.DLL
0x000007feff790000 - 0x000007feff899000 	C:\Windows\system32\MSCTF.dll
0x000007fef5fc0000 - 0x000007fef60af000 	C:\Program Files\Pylo\MCreator\jdk\jre\bin\msvcr120.dll
0x000007fef5d10000 - 0x000007fef5db6000 	C:\Program Files\Pylo\MCreator\jdk\jre\bin\msvcp120.dll
0x0000000069b20000 - 0x000000006a31e000 	C:\Program Files\Pylo\MCreator\jdk\jre\bin\server\jvm.dll
0x000007fef9600000 - 0x000007fef9609000 	C:\Windows\system32\WSOCK32.dll
0x000007fefdad0000 - 0x000007fefdb1d000 	C:\Windows\system32\WS2_32.dll
0x000007fefe2e0000 - 0x000007fefe2e8000 	C:\Windows\system32\NSI.dll
0x000007fefb120000 - 0x000007fefb15b000 	C:\Windows\system32\WINMM.dll
0x000007fefc700000 - 0x000007fefc70c000 	C:\Windows\system32\VERSION.dll
0x00000000779c0000 - 0x00000000779c7000 	C:\Windows\system32\PSAPI.DLL
0x000007fefb770000 - 0x000007fefb77f000 	C:\Program Files\Pylo\MCreator\jdk\jre\bin\verify.dll
0x000007fef60d0000 - 0x000007fef60f8000 	C:\Program Files\Pylo\MCreator\jdk\jre\bin\java.dll
0x000007fefabb0000 - 0x000007fefabc6000 	C:\Program Files\Pylo\MCreator\jdk\jre\bin\zip.dll
0x000007fefe6f0000 - 0x000007feff47b000 	C:\Windows\system32\SHELL32.dll
0x000007feff900000 - 0x000007feffafc000 	C:\Windows\system32\ole32.dll
0x000007fefd5c0000 - 0x000007fefd5cf000 	C:\Windows\system32\profapi.dll
0x000007fefb780000 - 0x000007fefb78d000 	C:\Program Files\Pylo\MCreator\jdk\jre\bin\management.dll
0x000007fefb100000 - 0x000007fefb11a000 	C:\Program Files\Pylo\MCreator\jdk\jre\bin\net.dll
0x0000000180000000 - 0x00000001800ce000 	C:\Windows\system32\qproxy64.dll
0x000007fefcd40000 - 0x000007fefcd95000 	C:\Windows\system32\MSWSOCK.dll
0x000007fefc720000 - 0x000007fefc747000 	C:\Windows\system32\IPHLPAPI.DLL
0x000007fefc710000 - 0x000007fefc71b000 	C:\Windows\system32\WINNSI.DLL
0x000007fefde70000 - 0x000007fefdf4a000 	C:\Windows\system32\OLEAUT32.dll
0x000007fefd3c0000 - 0x000007fefd3e5000 	C:\Windows\system32\SspiCli.dll
0x000007fefcd30000 - 0x000007fefcd37000 	C:\Windows\System32\wship6.dll
0x000007fefad10000 - 0x000007fefad25000 	C:\Windows\system32\NLAapi.dll
0x000007fef6550000 - 0x000007fef6565000 	C:\Windows\system32\napinsp.dll
0x000007fef6230000 - 0x000007fef6249000 	C:\Windows\system32\pnrpnsp.dll
0x000007fefcbc0000 - 0x000007fefcc1b000 	C:\Windows\system32\DNSAPI.dll
0x000007fef6220000 - 0x000007fef622b000 	C:\Windows\System32\winrnr.dll
0x0000000075210000 - 0x0000000075236000 	C:\Program Files\Bonjour\mdnsNSP.dll
0x000007fefc6e0000 - 0x000007fefc6e7000 	C:\Windows\System32\wshtcpip.dll
0x000007feee6c0000 - 0x000007feee6c8000 	C:\Windows\system32\rasadhlp.dll
0x000007fef9c00000 - 0x000007fef9c53000 	C:\Windows\System32\fwpuclnt.dll
0x000007fef6150000 - 0x000007fef6162000 	C:\Program Files\Pylo\MCreator\jdk\jre\bin\nio.dll
0x000007fefcda0000 - 0x000007fefcdb8000 	C:\Windows\system32\CRYPTSP.dll
0x000007fefcaa0000 - 0x000007fefcae7000 	C:\Windows\system32\rsaenh.dll
0x000007fefd610000 - 0x000007fefd62e000 	C:\Windows\system32\USERENV.dll
0x000007fefd450000 - 0x000007fefd45f000 	C:\Windows\system32\CRYPTBASE.dll
0x000007fef9610000 - 0x000007fef9621000 	C:\Windows\system32\dhcpcsvc6.DLL
0x000007fef9910000 - 0x000007fef9928000 	C:\Windows\system32\dhcpcsvc.DLL
0x000007fedfe20000 - 0x000007fedfe62000 	C:\Users\Mélanie\AppData\Local\Temp\jna-2096670649\jna407256009651469560.dll
0x000007fef58d0000 - 0x000007fef58d3000 	C:\Windows\system32\api-ms-win-core-synch-l1-2-0.DLL
0x0000000000490000 - 0x00000000004e3000 	C:\Users\Mélanie\.mcreator\gradle\caches\minecraft\net\minecraft\natives\1.12.2\lwjgl64.dll
0x000007fed66f0000 - 0x000007fed680d000 	C:\Windows\system32\OPENGL32.dll
0x000007fef5b40000 - 0x000007fef5b6d000 	C:\Windows\system32\GLU32.dll
0x000007fed6280000 - 0x000007fed6371000 	C:\Windows\system32\DDRAW.dll
0x000007fefabf0000 - 0x000007fefabf8000 	C:\Windows\system32\DCIMAN32.dll
0x000007fefe2f0000 - 0x000007fefe4c7000 	C:\Windows\system32\SETUPAPI.dll
0x000007fefd7d0000 - 0x000007fefd806000 	C:\Windows\system32\CFGMGR32.dll
0x000007fefd5d0000 - 0x000007fefd5ea000 	C:\Windows\system32\DEVOBJ.dll
0x000007fefb990000 - 0x000007fefb9a8000 	C:\Windows\system32\dwmapi.dll
0x000007fef43d0000 - 0x000007fef4565000 	C:\Program Files\Pylo\MCreator\jdk\jre\bin\awt.dll
0x000007fefbdb0000 - 0x000007fefbe06000 	C:\Windows\system32\uxtheme.dll
0x00000000599c0000 - 0x000000005b313000 	C:\Windows\system32\nvoglv64.DLL
0x000007fefb740000 - 0x000007fefb76d000 	C:\Windows\system32\ntmarta.dll
0x000007feff8a0000 - 0x000007feff8f2000 	C:\Windows\system32\WLDAP32.dll
0x000007fefa4c0000 - 0x000007fefa55c000 	C:\Windows\system32\mscms.dll
0x000007fed6380000 - 0x000007fed63c2000 	C:\Windows\system32\icm32.dll
0x000007fed6070000 - 0x000007fed60b2000 	C:\Users\Mélanie\AppData\Local\Temp\jna-2096670649\jna4515062243174395414.dll
0x00000000542f0000 - 0x0000000054354000 	C:\Users\Mélanie\.mcreator\gradle\caches\minecraft\net\minecraft\natives\1.12.2\OpenAL64.dll
0x000007fefda10000 - 0x000007fefdaa9000 	C:\Windows\system32\CLBCatQ.DLL
0x000007fefb9b0000 - 0x000007fefb9fb000 	C:\Windows\System32\MMDevApi.dll
0x000007fefbe10000 - 0x000007fefbf3c000 	C:\Windows\System32\PROPSYS.dll
0x000007fececa0000 - 0x000007feced28000 	C:\Windows\system32\dsound.dll
0x000007fefb2c0000 - 0x000007fefb2ec000 	C:\Windows\system32\POWRPROF.dll
0x000007fef45c0000 - 0x000007fef45da000 	C:\Users\Mélanie\.mcreator\gradle\caches\minecraft\net\minecraft\natives\1.12.2\SAPIWrapper_x64.dll
0x000007fee2ed0000 - 0x000007fee2ef3000 	C:\Program Files\Pylo\MCreator\jdk\jre\bin\sunec.dll
0x000007fee65d0000 - 0x000007fee65db000 	C:\Program Files\Pylo\MCreator\jdk\jre\bin\sunmscapi.dll
0x000007fefd650000 - 0x000007fefd7bd000 	C:\Windows\system32\CRYPT32.dll
0x000007fefd5b0000 - 0x000007fefd5bf000 	C:\Windows\system32\MSASN1.dll
0x000007fefe560000 - 0x000007fefe6e5000 	C:\Windows\system32\urlmon.dll
0x000007fefd810000 - 0x000007fefd814000 	C:\Windows\system32\api-ms-win-downlevel-ole32-l1-1-0.dll
0x000007fefd600000 - 0x000007fefd604000 	C:\Windows\system32\api-ms-win-downlevel-shlwapi-l1-1-0.dll
0x000007fefd640000 - 0x000007fefd645000 	C:\Windows\system32\api-ms-win-downlevel-advapi32-l1-1-0.dll
0x000007fefd7c0000 - 0x000007fefd7c4000 	C:\Windows\system32\api-ms-win-downlevel-user32-l1-1-0.dll
0x000007fefd5f0000 - 0x000007fefd5f4000 	C:\Windows\system32\api-ms-win-downlevel-version-l1-1-0.dll
0x000007fefd630000 - 0x000007fefd633000 	C:\Windows\system32\api-ms-win-downlevel-normaliz-l1-1-0.dll
0x00000000779b0000 - 0x00000000779b3000 	C:\Windows\system32\normaliz.DLL
0x000007fefdba0000 - 0x000007fefde67000 	C:\Windows\system32\iertutil.dll
0x000007fefdf50000 - 0x000007fefe1aa000 	C:\Windows\system32\WININET.dll

VM Arguments:
jvm_args: -Dfile.encoding=windows-1252 -Duser.country=FR -Duser.language=fr -Duser.variant 
java_command: GradleStart
java_class_path (initial): C:\Users\Mélanie\.mcreator\gradle\caches\minecraft\deobfedDeps\compileDummy.jar;C:\Users\Mélanie\.mcreator\gradle\caches\minecraft\deobfedDeps\providedDummy.jar;C:\Users\Mélanie\.mcreator\gradle\caches\minecraft\net\minecraftforge\forge\1.12.2-14.23.5.2768\snapshot\20171003\forgeSrc-1.12.2-14.23.5.2768.jar;C:\Users\Mélanie\.mcreator\gradle\caches\modules-2\files-2.1\com.mojang\authlib\1.5.25\9834cdf236c22e84b946bba989e2f94ef5897c3c\authlib-1.5.25.jar;C:\Users\Mélanie\.mcreator\gradle\caches\modules-2\files-2.1\com.google.code.findbugs\jsr305\3.0.1\f7be08ec23c21485b9b5a1cf1654c2ec8c58168d\jsr305-3.0.1.jar;C:\Users\Mélanie\.mcreator\gradle\caches\modules-2\files-2.1\com.mojang\patchy\1.1\aef610b34a1be37fa851825f12372b78424d8903\patchy-1.1.jar;C:\Users\Mélanie\.mcreator\gradle\caches\modules-2\files-2.1\oshi-project\oshi-core\1.1\9ddf7b048a8d701be231c0f4f95fd986198fd2d8\oshi-core-1.1.jar;C:\Users\Mélanie\.mcreator\gradle\caches\modules-2\files-2.1\com.mojang\text2speech\1.10.3\48fd510879dff266c3815947de66e3d4809f8668\text2speech-1.10.3.jar;C:\Users\Mélanie\.mcreator\gradle\caches\modules-2\files-2.1\ca.weblite\java-objc-bridge\1.0.0\6ef160c3133a78de015830860197602ca1c855d3\java-objc-bridge-1.0.0.jar;C:\Users\Mélanie\.mcreator\gradle\caches\modules-2\files-2.1\net.java.dev.jna\jna\4.4.0\cb208278274bf12ebdb56c61bd7407e6f774d65a\jna-4.4.0.jar;C:\Users\Mélanie\.mcreator\gradle\caches\modules-2\files-2.1\net.java.dev.jna\platform\3.4.0\e3f70017be8100d3d6923f50b3d2ee17714e9c13\platform-3.4.0.jar;C:\Users\Mélanie\.mcreator\gradle\caches\modules-2\files-2.1\com.ibm.icu\icu4j-core-mojang\51.2\63d216a9311cca6be337c1e458e587f99d382b84\icu4j-core-mojang-51.2.jar;C:\Users\Mélanie\.mcreator\gradle\caches\modules-2\files-2.1\net.minecraft\launchwrapper\1.12\111e7bea9c968cdb3d06ef4632bf7ff0824d0f36\launchwrapper-1.12.jar;C:\Users\Mélanie\.mcreator\gradle\caches\modules-2\files-2.1\net.sf.jopt-simple\jopt-simple\5.0.3\cdd846cfc4e0f7eefafc02c0f5dce32b9303aa2
Launcher Type: SUN_STANDARD

Environment Variables:
JAVA_HOME=C:\Progra~1\Java\jdk1.8.0_251
PATH=C:\Progra~1\Java\jdk1.8.0_251\bin;C:\Program Files (x86)\Common Files\Oracle\Java\javapath;C:\ProgramData\Oracle\Java\javapath;C:\Windows\system32;C:\Windows;C:\Windows\System32\Wbem;C:\Windows\System32\WindowsPowerShell\v1.0\;C:\Program Files\PuTTY\;C:\Program Files (x86)\Jar2Exe Wizard\;C:\Program Files\Pylo\MCreator\jdk\jre\bin
USERNAME=Mélanie
OS=Windows_NT
PROCESSOR_IDENTIFIER=AMD64 Family 15 Model 127 Stepping 2, AuthenticAMD



---------------  S Y S T E M  ---------------

OS: Windows 7 , 64 bit Build 7601 (6.1.7601.23807)

CPU:total 1 (initial active 1) (1 cores per cpu, 1 threads per core) family 15 model 127 stepping 2, cmov, cx8, fxsr, mmx, sse, sse2, sse3, mmxext, 3dnowpref, tsc

Memory: 4k page, physical 3930616k(181956k free), swap 5847488k(3104k free)

vm_info: OpenJDK 64-Bit Server VM (25.232-b09) for windows-amd64 JRE (1.8.0_232-BellSoft-b09), built on Oct 16 2019 00:56:45 by "hudson" with MS VC++ 12.0 (VS2013)

time: Mon May 11 21:51:16 2020
timezone: Paris, Madrid (heure d?été)
elapsed time: 259 seconds (0d 0h 4m 19s)

