#
# There is insufficient memory for the Java Runtime Environment to continue.
# Native memory allocation (malloc) failed to allocate 1081376 bytes for Chunk::new
# Possible reasons:
#   The system is out of physical RAM or swap space
#   The process is running with CompressedOops enabled, and the Java Heap may be blocking the growth of the native heap
# Possible solutions:
#   Reduce memory load on the system
#   Increase physical memory or swap space
#   Check if swap backing store is full
#   Decrease Java heap size (-Xmx/-Xms)
#   Decrease number of Java threads
#   Decrease Java thread stack sizes (-Xss)
#   Set larger code cache with -XX:ReservedCodeCacheSize=
#   JVM is running with Unscaled Compressed Oops mode in which the Java heap is
#     placed in the first 4GB address space. The Java Heap base address is the
#     maximum limit for the native heap growth. Please use -XX:HeapBaseMinAddress
#     to set the Java Heap base and to place the Java Heap above 4GB virtual address.
# This output file may be truncated or incomplete.
#
#  Out of Memory Error (allocation.cpp:389), pid=6872, tid=0x0000000000001898
#
# JRE version: OpenJDK Runtime Environment (8.0_232-b09) (build 1.8.0_232-BellSoft-b09)
# Java VM: OpenJDK 64-Bit Server VM (25.232-b09 mixed mode windows-amd64 compressed oops)
# Failed to write core dump. Minidumps are not enabled by default on client versions of Windows
#

---------------  T H R E A D  ---------------

Current thread (0x00000000525fc800):  JavaThread "C2 CompilerThread0" daemon [_thread_in_native, id=6296, stack(0x0000000053080000,0x0000000053180000)]

Stack: [0x0000000053080000,0x0000000053180000]
[error occurred during error reporting (printing stack bounds), id 0xc0000005]

Native frames: (J=compiled Java code, j=interpreted, Vv=VM code, C=native code)


Current CompileTask:
C2:  89142 4532       4       org.objectweb.asm.ClassReader::readCode (3579 bytes)


---------------  P R O C E S S  ---------------

Java Threads: ( => current thread )
  0x000000005642f800 JavaThread "LWJGL Timer" daemon [_thread_blocked, id=6456, stack(0x00000000604a0000,0x00000000605a0000)]
  0x0000000054f2d000 JavaThread "Thread-3" [_thread_in_native, id=4744, stack(0x00000000602b0000,0x00000000603b0000)]
  0x00000000526f7000 JavaThread "Java2D Disposer" daemon [_thread_blocked, id=6280, stack(0x00000000594a0000,0x00000000595a0000)]
  0x000000005543c800 JavaThread "Timer hack thread" daemon [_thread_blocked, id=4972, stack(0x00000000592f0000,0x00000000593f0000)]
  0x000000005588d000 JavaThread "Snooper Timer" daemon [_thread_blocked, id=5328, stack(0x00000000588e0000,0x00000000589e0000)]
  0x000000005265e800 JavaThread "Service Thread" daemon [_thread_blocked, id=2636, stack(0x00000000533c0000,0x00000000534c0000)]
  0x0000000052658800 JavaThread "C1 CompilerThread1" daemon [_thread_blocked, id=4728, stack(0x00000000532a0000,0x00000000533a0000)]
=>0x00000000525fc800 JavaThread "C2 CompilerThread0" daemon [_thread_in_native, id=6296, stack(0x0000000053080000,0x0000000053180000)]
  0x00000000525fb800 JavaThread "Attach Listener" daemon [_thread_blocked, id=5964, stack(0x0000000052cd0000,0x0000000052dd0000)]
  0x00000000525fa000 JavaThread "Signal Dispatcher" daemon [_thread_blocked, id=5100, stack(0x0000000052df0000,0x0000000052ef0000)]
  0x00000000525da000 JavaThread "Finalizer" daemon [_thread_blocked, id=4036, stack(0x0000000052b50000,0x0000000052c50000)]
  0x00000000525d2800 JavaThread "Reference Handler" daemon [_thread_blocked, id=6876, stack(0x0000000052860000,0x0000000052960000)]
  0x000000000036e800 JavaThread "Client thread" [_thread_in_native, id=6676, stack(0x0000000002190000,0x0000000002290000)]

Other Threads:
  0x0000000002147800 VMThread [stack: 0x0000000052490000,0x0000000052590000] [id=6212]
  0x0000000052660800 WatcherThread [stack: 0x0000000052f30000,0x0000000053030000] [id=4940]

VM state:not at safepoint (normal execution)

VM Mutex/Monitor currently owned by a thread: None

heap address: 0x00000000c4000000, size: 960 MB, Compressed Oops mode: 32-bit
Narrow klass base: 0x0000000000000000, Narrow klass shift: 0
Compressed class space size: 1073741824 Address: 0x0000000011c60000

Heap:
 def new generation   total 41344K, used 8114K [0x00000000c4000000, 0x00000000c6cd0000, 0x00000000d8000000)
  eden space 36800K,   9% used [0x00000000c4000000, 0x00000000c437cb78, 0x00000000c63f0000)
  from space 4544K, 100% used [0x00000000c6860000, 0x00000000c6cd0000, 0x00000000c6cd0000)
  to   space 4544K,   0% used [0x00000000c63f0000, 0x00000000c63f0000, 0x00000000c6860000)
 tenured generation   total 91688K, used 88114K [0x00000000d8000000, 0x00000000dd98a000, 0x0000000100000000)
   the space 91688K,  96% used [0x00000000d8000000, 0x00000000dd60c980, 0x00000000dd60ca00, 0x00000000dd98a000)
 Metaspace       used 36718K, capacity 37185K, committed 37504K, reserved 1081344K
  class space    used 4793K, capacity 4936K, committed 4992K, reserved 1048576K

Card table byte_map: [0x0000000011920000,0x0000000011b10000] byte_map_base: 0x0000000011300000

Polling page: 0x0000000000130000

CodeCache: size=245760Kb used=14276Kb max_used=14301Kb free=231483Kb
 bounds [0x0000000002560000, 0x0000000003390000, 0x0000000011560000]
 total_blobs=4191 nmethods=3542 adapters=562
 compilation: enabled

Compilation events (10 events):
Event: 88.695 Thread 0x0000000052658800 nmethod 4527 0x0000000002bc5990 code [0x0000000002bc5b00, 0x0000000002bc5c80]
Event: 88.695 Thread 0x0000000052658800 4528       3       java.lang.AbstractStringBuilder::substring (62 bytes)
Event: 88.696 Thread 0x0000000052658800 nmethod 4528 0x0000000002f6fed0 code [0x0000000002f70080, 0x0000000002f70470]
Event: 88.698 Thread 0x0000000052658800 4529       3       org.objectweb.asm.Item::<init> (10 bytes)
Event: 88.698 Thread 0x0000000052658800 nmethod 4529 0x00000000027681d0 code [0x0000000002768320, 0x00000000027684d0]
Event: 88.698 Thread 0x0000000052658800 4530       3       org.objectweb.asm.Item::set (17 bytes)
Event: 88.698 Thread 0x0000000052658800 nmethod 4530 0x0000000002975510 code [0x0000000002975660, 0x00000000029757d0]
Event: 88.698 Thread 0x00000000525fc800 4531       4       org.objectweb.asm.ClassWriter::toByteArray (1276 bytes)
Event: 88.881 Thread 0x00000000525fc800 nmethod 4531 0x0000000003379a50 code [0x000000000337a000, 0x000000000337d708]
Event: 88.941 Thread 0x00000000525fc800 4532       4       org.objectweb.asm.ClassReader::readCode (3579 bytes)

GC Heap History (10 events):
Event: 82.207 GC heap before
{Heap before GC invocations=53 (full 4):
 def new generation   total 36032K, used 32064K [0x00000000c4000000, 0x00000000c6710000, 0x00000000d8000000)
  eden space 32064K, 100% used [0x00000000c4000000, 0x00000000c5f50000, 0x00000000c5f50000)
  from space 3968K,   0% used [0x00000000c5f50000, 0x00000000c5f50000, 0x00000000c6330000)
  to   space 3968K,   0% used [0x00000000c6330000, 0x00000000c6330000, 0x00000000c6710000)
 tenured generation   total 79976K, used 79950K [0x00000000d8000000, 0x00000000dce1a000, 0x0000000100000000)
   the space 79976K,  99% used [0x00000000d8000000, 0x00000000dce138a8, 0x00000000dce13a00, 0x00000000dce1a000)
 Metaspace       used 36016K, capacity 36495K, committed 36864K, reserved 1081344K
  class space    used 4694K, capacity 4853K, committed 4864K, reserved 1048576K
Event: 82.436 GC heap after
Heap after GC invocations=54 (full 5):
 def new generation   total 36992K, used 3878K [0x00000000c4000000, 0x00000000c6820000, 0x00000000d8000000)
  eden space 32896K,  11% used [0x00000000c4000000, 0x00000000c43c99f8, 0x00000000c6020000)
  from space 4096K,   0% used [0x00000000c6020000, 0x00000000c6020000, 0x00000000c6420000)
  to   space 4096K,   0% used [0x00000000c6420000, 0x00000000c6420000, 0x00000000c6820000)
 tenured generation   total 82088K, used 82069K [0x00000000d8000000, 0x00000000dd02a000, 0x0000000100000000)
   the space 82088K,  99% used [0x00000000d8000000, 0x00000000dd025600, 0x00000000dd025600, 0x00000000dd02a000)
 Metaspace       used 36016K, capacity 36495K, committed 36864K, reserved 1081344K
  class space    used 4694K, capacity 4853K, committed 4864K, reserved 1048576K
}
Event: 83.158 GC heap before
{Heap before GC invocations=54 (full 5):
 def new generation   total 36992K, used 32896K [0x00000000c4000000, 0x00000000c6820000, 0x00000000d8000000)
  eden space 32896K, 100% used [0x00000000c4000000, 0x00000000c6020000, 0x00000000c6020000)
  from space 4096K,   0% used [0x00000000c6020000, 0x00000000c6020000, 0x00000000c6420000)
  to   space 4096K,   0% used [0x00000000c6420000, 0x00000000c6420000, 0x00000000c6820000)
 tenured generation   total 82088K, used 82069K [0x00000000d8000000, 0x00000000dd02a000, 0x0000000100000000)
   the space 82088K,  99% used [0x00000000d8000000, 0x00000000dd025600, 0x00000000dd025600, 0x00000000dd02a000)
 Metaspace       used 36017K, capacity 36495K, committed 36864K, reserved 1081344K
  class space    used 4694K, capacity 4853K, committed 4864K, reserved 1048576K
Event: 83.442 GC heap after
Heap after GC invocations=55 (full 6):
 def new generation   total 38208K, used 1787K [0x00000000c4000000, 0x00000000c6970000, 0x00000000d8000000)
  eden space 33984K,   5% used [0x00000000c4000000, 0x00000000c41bed38, 0x00000000c6130000)
  from space 4224K,   0% used [0x00000000c6130000, 0x00000000c6130000, 0x00000000c6550000)
  to   space 4224K,   0% used [0x00000000c6550000, 0x00000000c6550000, 0x00000000c6970000)
 tenured generation   total 84776K, used 84774K [0x00000000d8000000, 0x00000000dd2ca000, 0x0000000100000000)
   the space 84776K,  99% used [0x00000000d8000000, 0x00000000dd2c9b60, 0x00000000dd2c9c00, 0x00000000dd2ca000)
 Metaspace       used 36017K, capacity 36495K, committed 36864K, reserved 1081344K
  class space    used 4694K, capacity 4853K, committed 4864K, reserved 1048576K
}
Event: 85.087 GC heap before
{Heap before GC invocations=55 (full 6):
 def new generation   total 38208K, used 33984K [0x00000000c4000000, 0x00000000c6970000, 0x00000000d8000000)
  eden space 33984K, 100% used [0x00000000c4000000, 0x00000000c6130000, 0x00000000c6130000)
  from space 4224K,   0% used [0x00000000c6130000, 0x00000000c6130000, 0x00000000c6550000)
  to   space 4224K,   0% used [0x00000000c6550000, 0x00000000c6550000, 0x00000000c6970000)
 tenured generation   total 84776K, used 84774K [0x00000000d8000000, 0x00000000dd2ca000, 0x0000000100000000)
   the space 84776K,  99% used [0x00000000d8000000, 0x00000000dd2c9b60, 0x00000000dd2c9c00, 0x00000000dd2ca000)
 Metaspace       used 36018K, capacity 36495K, committed 36864K, reserved 1081344K
  class space    used 4694K, capacity 4853K, committed 4864K, reserved 1048576K
Event: 85.378 GC heap after
Heap after GC invocations=56 (full 7):
 def new generation   total 40192K, used 0K [0x00000000c4000000, 0x00000000c6b90000, 0x00000000d8000000)
  eden space 35776K,   0% used [0x00000000c4000000, 0x00000000c4000000, 0x00000000c62f0000)
  from space 4416K,   0% used [0x00000000c62f0000, 0x00000000c62f0000, 0x00000000c6740000)
  to   space 4416K,   0% used [0x00000000c6740000, 0x00000000c6740000, 0x00000000c6b90000)
 tenured generation   total 89192K, used 88590K [0x00000000d8000000, 0x00000000dd71a000, 0x0000000100000000)
   the space 89192K,  99% used [0x00000000d8000000, 0x00000000dd683800, 0x00000000dd683800, 0x00000000dd71a000)
 Metaspace       used 36018K, capacity 36495K, committed 36864K, reserved 1081344K
  class space    used 4694K, capacity 4853K, committed 4864K, reserved 1048576K
}
Event: 86.583 GC heap before
{Heap before GC invocations=56 (full 7):
 def new generation   total 40192K, used 35776K [0x00000000c4000000, 0x00000000c6b90000, 0x00000000d8000000)
  eden space 35776K, 100% used [0x00000000c4000000, 0x00000000c62f0000, 0x00000000c62f0000)
  from space 4416K,   0% used [0x00000000c62f0000, 0x00000000c62f0000, 0x00000000c6740000)
  to   space 4416K,   0% used [0x00000000c6740000, 0x00000000c6740000, 0x00000000c6b90000)
 tenured generation   total 89192K, used 88590K [0x00000000d8000000, 0x00000000dd71a000, 0x0000000100000000)
   the space 89192K,  99% used [0x00000000d8000000, 0x00000000dd683800, 0x00000000dd683800, 0x00000000dd71a000)
 Metaspace       used 36049K, capacity 36495K, committed 36864K, reserved 1081344K
  class space    used 4694K, capacity 4853K, committed 4864K, reserved 1048576K
Event: 86.888 GC heap after
Heap after GC invocations=57 (full 8):
 def new generation   total 41344K, used 0K [0x00000000c4000000, 0x00000000c6cd0000, 0x00000000d8000000)
  eden space 36800K,   0% used [0x00000000c4000000, 0x00000000c4000000, 0x00000000c63f0000)
  from space 4544K,   0% used [0x00000000c63f0000, 0x00000000c63f0000, 0x00000000c6860000)
  to   space 4544K,   0% used [0x00000000c6860000, 0x00000000c6860000, 0x00000000c6cd0000)
 tenured generation   total 91688K, used 87552K [0x00000000d8000000, 0x00000000dd98a000, 0x0000000100000000)
   the space 91688K,  95% used [0x00000000d8000000, 0x00000000dd580148, 0x00000000dd580200, 0x00000000dd98a000)
 Metaspace       used 36049K, capacity 36495K, committed 36864K, reserved 1081344K
  class space    used 4694K, capacity 4853K, committed 4864K, reserved 1048576K
}
Event: 88.883 GC heap before
{Heap before GC invocations=57 (full 8):
 def new generation   total 41344K, used 36800K [0x00000000c4000000, 0x00000000c6cd0000, 0x00000000d8000000)
  eden space 36800K, 100% used [0x00000000c4000000, 0x00000000c63f0000, 0x00000000c63f0000)
  from space 4544K,   0% used [0x00000000c63f0000, 0x00000000c63f0000, 0x00000000c6860000)
  to   space 4544K,   0% used [0x00000000c6860000, 0x00000000c6860000, 0x00000000c6cd0000)
 tenured generation   total 91688K, used 87552K [0x00000000d8000000, 0x00000000dd98a000, 0x0000000100000000)
   the space 91688K,  95% used [0x00000000d8000000, 0x00000000dd580148, 0x00000000dd580200, 0x00000000dd98a000)
 Metaspace       used 36654K, capacity 37121K, committed 37504K, reserved 1081344K
  class space    used 4788K, capacity 4936K, committed 4992K, reserved 1048576K
Event: 88.896 GC heap after
Heap after GC invocations=58 (full 8):
 def new generation   total 41344K, used 4544K [0x00000000c4000000, 0x00000000c6cd0000, 0x00000000d8000000)
  eden space 36800K,   0% used [0x00000000c4000000, 0x00000000c4000000, 0x00000000c63f0000)
  from space 4544K, 100% used [0x00000000c6860000, 0x00000000c6cd0000, 0x00000000c6cd0000)
  to   space 4544K,   0% used [0x00000000c63f0000, 0x00000000c63f0000, 0x00000000c6860000)
 tenured generation   total 91688K, used 88114K [0x00000000d8000000, 0x00000000dd98a000, 0x0000000100000000)
   the space 91688K,  96% used [0x00000000d8000000, 0x00000000dd60c980, 0x00000000dd60ca00, 0x00000000dd98a000)
 Metaspace       used 36654K, capacity 37121K, committed 37504K, reserved 1081344K
  class space    used 4788K, capacity 4936K, committed 4992K, reserved 1048576K
}

Deoptimization events (10 events):
Event: 88.336 Thread 0x000000000036e800 Uncommon trap: reason=class_check action=maybe_recompile pc=0x000000000300e8bc method=com.google.common.collect.ImmutableList.copyOf(Ljava/util/Collection;)Lcom/google/common/collect/ImmutableList; @ 35
Event: 88.339 Thread 0x000000000036e800 Uncommon trap: reason=class_check action=maybe_recompile pc=0x000000000300e8bc method=com.google.common.collect.ImmutableList.copyOf(Ljava/util/Collection;)Lcom/google/common/collect/ImmutableList; @ 35
Event: 88.348 Thread 0x000000000036e800 Uncommon trap: reason=class_check action=maybe_recompile pc=0x000000000300d408 method=com.google.common.collect.Iterators$7.transform(Ljava/lang/Object;)Ljava/lang/Object; @ 5
Event: 88.348 Thread 0x000000000036e800 Uncommon trap: reason=class_check action=maybe_recompile pc=0x000000000300d408 method=com.google.common.collect.Iterators$7.transform(Ljava/lang/Object;)Ljava/lang/Object; @ 5
Event: 88.611 Thread 0x000000000036e800 Uncommon trap: reason=bimorphic action=maybe_recompile pc=0x0000000002c4cac4 method=com.google.common.base.CharMatcher.indexIn(Ljava/lang/CharSequence;I)I @ 31
Event: 88.692 Thread 0x000000000036e800 Uncommon trap: reason=bimorphic action=maybe_recompile pc=0x0000000002c4cac4 method=com.google.common.base.CharMatcher.indexIn(Ljava/lang/CharSequence;I)I @ 31
Event: 88.696 Thread 0x000000000036e800 Uncommon trap: reason=bimorphic action=maybe_recompile pc=0x0000000002c4cac4 method=com.google.common.base.CharMatcher.indexIn(Ljava/lang/CharSequence;I)I @ 31
Event: 88.938 Thread 0x000000000036e800 Uncommon trap: reason=class_check action=maybe_recompile pc=0x00000000032e250c method=org.objectweb.asm.ClassReader.readCode(Lorg/objectweb/asm/MethodVisitor;Lorg/objectweb/asm/Context;I)V @ 2360
Event: 88.940 Thread 0x000000000036e800 Uncommon trap: reason=class_check action=maybe_recompile pc=0x00000000032e250c method=org.objectweb.asm.ClassReader.readCode(Lorg/objectweb/asm/MethodVisitor;Lorg/objectweb/asm/Context;I)V @ 2360
Event: 88.976 Thread 0x000000000036e800 Uncommon trap: reason=class_check action=maybe_recompile pc=0x0000000002e31ea0 method=org.objectweb.asm.ClassReader.readCode(Lorg/objectweb/asm/MethodVisitor;Lorg/objectweb/asm/Context;I)V @ 2360

Classes redefined (0 events):
No events

Internal exceptions (10 events):
Event: 74.567 Thread 0x000000000036e800 Implicit null exception at 0x00000000027c70e4 to 0x00000000027c72d9
Event: 74.567 Thread 0x000000000036e800 Implicit null exception at 0x0000000002bc324a to 0x0000000002bc3599
Event: 74.567 Thread 0x000000000036e800 Implicit null exception at 0x0000000002843f46 to 0x0000000002843faa
Event: 74.567 Thread 0x000000000036e800 Implicit null exception at 0x0000000002faa540 to 0x0000000002faa586
Event: 74.568 Thread 0x000000000036e800 Implicit null exception at 0x0000000002a02580 to 0x0000000002a029a5
Event: 74.568 Thread 0x000000000036e800 Implicit null exception at 0x0000000002851e40 to 0x0000000002851e86
Event: 75.593 Thread 0x000000000036e800 Implicit null exception at 0x0000000002707bc0 to 0x0000000002707c45
Event: 75.988 Thread 0x000000000036e800 Implicit null exception at 0x0000000002f9d0c0 to 0x0000000002f9d106
Event: 87.129 Thread 0x000000000036e800 Exception <a 'java/io/FileNotFoundException'> (0x00000000c4bf6270) thrown at [C:\ws\workspace\jdk-8u232\label\windows-x86_64\type\b8\hotspot\src\share\vm\prims\jni.cpp, line 710]
Event: 88.411 Thread 0x000000000036e800 Exception <a 'java/lang/NoSuchMethodError': java.lang.Object.lambda$comparingInt$7b0bb60$1(Ljava/util/function/ToIntFunction;Ljava/lang/Object;Ljava/lang/Object;)I> (0x00000000c5cb6bc0) thrown at [C:\ws\workspace\jdk-8u232\label\windows-x86_64\type\b8\hot

Events (10 events):
Event: 88.940 Thread 0x000000000036e800 DEOPT UNPACKING pc=0x00000000025a557b sp=0x0000000002289600 mode 2
Event: 88.976 Thread 0x000000000036e800 Uncommon trap: trap_request=0xffffffde fr.pc=0x0000000002e31ea0
Event: 88.976 Thread 0x000000000036e800 DEOPT PACKING pc=0x0000000002e31ea0 sp=0x00000000022896f0
Event: 88.976 Thread 0x000000000036e800 DEOPT UNPACKING pc=0x00000000025a557b sp=0x00000000022896b0 mode 2
Event: 88.981 loading class io/netty/util/internal/PlatformDependent$ThreadLocalRandomProvider
Event: 88.981 loading class io/netty/util/internal/PlatformDependent$ThreadLocalRandomProvider done
Event: 89.016 loading class io/netty/util/internal/LongCounter
Event: 89.016 loading class io/netty/util/internal/LongCounter done
Event: 89.017 loading class io/netty/util/internal/shaded/org/jctools/queues/SpscLinkedQueue
Event: 89.017 loading class io/netty/util/internal/shaded/org/jctools/queues/SpscLinkedQueue done


Dynamic libraries:
0x000000013fcd0000 - 0x000000013fd0a000 	C:\Program Files\Pylo\MCreator\jdk\bin\java.exe
0x00000000777f0000 - 0x000000007799a000 	C:\Windows\SYSTEM32\ntdll.dll
0x00000000775d0000 - 0x00000000776ef000 	C:\Windows\system32\kernel32.dll
0x000007fefd900000 - 0x000007fefd96a000 	C:\Windows\system32\KERNELBASE.dll
0x000007feff610000 - 0x000007feff6eb000 	C:\Windows\system32\ADVAPI32.dll
0x000007fefd970000 - 0x000007fefda0f000 	C:\Windows\system32\msvcrt.dll
0x000007fefdab0000 - 0x000007fefdacf000 	C:\Windows\SYSTEM32\sechost.dll
0x000007fefe1b0000 - 0x000007fefe2dd000 	C:\Windows\system32\RPCRT4.dll
0x00000000776f0000 - 0x00000000777ea000 	C:\Windows\system32\USER32.dll
0x000007fefe4f0000 - 0x000007fefe557000 	C:\Windows\system32\GDI32.dll
0x000007feff530000 - 0x000007feff53e000 	C:\Windows\system32\LPK.dll
0x000007feff540000 - 0x000007feff60b000 	C:\Windows\system32\USP10.dll
0x000007fefbf90000 - 0x000007fefc184000 	C:\Windows\WinSxS\amd64_microsoft.windows.common-controls_6595b64144ccf1df_6.0.7601.18837_none_fa3b1e3d17594757\COMCTL32.dll
0x000007feff480000 - 0x000007feff4f1000 	C:\Windows\system32\SHLWAPI.dll
0x000007feff500000 - 0x000007feff52e000 	C:\Windows\system32\IMM32.DLL
0x000007feff790000 - 0x000007feff899000 	C:\Windows\system32\MSCTF.dll
0x000007fef5fc0000 - 0x000007fef60af000 	C:\Program Files\Pylo\MCreator\jdk\jre\bin\msvcr120.dll
0x000007fef5d10000 - 0x000007fef5db6000 	C:\Program Files\Pylo\MCreator\jdk\jre\bin\msvcp120.dll
0x0000000069b20000 - 0x000000006a31e000 	C:\Program Files\Pylo\MCreator\jdk\jre\bin\server\jvm.dll
0x000007fef9600000 - 0x000007fef9609000 	C:\Windows\system32\WSOCK32.dll
0x000007fefdad0000 - 0x000007fefdb1d000 	C:\Windows\system32\WS2_32.dll
0x000007fefe2e0000 - 0x000007fefe2e8000 	C:\Windows\system32\NSI.dll
0x000007fefb120000 - 0x000007fefb15b000 	C:\Windows\system32\WINMM.dll
0x000007fefc700000 - 0x000007fefc70c000 	C:\Windows\system32\VERSION.dll
0x00000000779c0000 - 0x00000000779c7000 	C:\Windows\system32\PSAPI.DLL
0x000007fefb770000 - 0x000007fefb77f000 	C:\Program Files\Pylo\MCreator\jdk\jre\bin\verify.dll
0x000007fef60d0000 - 0x000007fef60f8000 	C:\Program Files\Pylo\MCreator\jdk\jre\bin\java.dll
0x000007fefabb0000 - 0x000007fefabc6000 	C:\Program Files\Pylo\MCreator\jdk\jre\bin\zip.dll
0x000007fefe6f0000 - 0x000007feff47b000 	C:\Windows\system32\SHELL32.dll
0x000007feff900000 - 0x000007feffafc000 	C:\Windows\system32\ole32.dll
0x000007fefd5c0000 - 0x000007fefd5cf000 	C:\Windows\system32\profapi.dll
0x000007fefb780000 - 0x000007fefb78d000 	C:\Program Files\Pylo\MCreator\jdk\jre\bin\management.dll
0x000007fefb100000 - 0x000007fefb11a000 	C:\Program Files\Pylo\MCreator\jdk\jre\bin\net.dll
0x0000000180000000 - 0x00000001800ce000 	C:\Windows\system32\qproxy64.dll
0x000007fefcd40000 - 0x000007fefcd95000 	C:\Windows\system32\MSWSOCK.dll
0x000007fefc720000 - 0x000007fefc747000 	C:\Windows\system32\IPHLPAPI.DLL
0x000007fefc710000 - 0x000007fefc71b000 	C:\Windows\system32\WINNSI.DLL
0x000007fefde70000 - 0x000007fefdf4a000 	C:\Windows\system32\OLEAUT32.dll
0x000007fefd3c0000 - 0x000007fefd3e5000 	C:\Windows\system32\SspiCli.dll
0x000007fefcd30000 - 0x000007fefcd37000 	C:\Windows\System32\wship6.dll
0x000007fefad10000 - 0x000007fefad25000 	C:\Windows\system32\NLAapi.dll
0x000007fef6550000 - 0x000007fef6565000 	C:\Windows\system32\napinsp.dll
0x000007fef6230000 - 0x000007fef6249000 	C:\Windows\system32\pnrpnsp.dll
0x000007fefcbc0000 - 0x000007fefcc1b000 	C:\Windows\system32\DNSAPI.dll
0x000007fef6220000 - 0x000007fef622b000 	C:\Windows\System32\winrnr.dll
0x0000000075210000 - 0x0000000075236000 	C:\Program Files\Bonjour\mdnsNSP.dll
0x000007fefc6e0000 - 0x000007fefc6e7000 	C:\Windows\System32\wshtcpip.dll
0x000007feee6c0000 - 0x000007feee6c8000 	C:\Windows\system32\rasadhlp.dll
0x000007fef9c00000 - 0x000007fef9c53000 	C:\Windows\System32\fwpuclnt.dll
0x000007fef6150000 - 0x000007fef6162000 	C:\Program Files\Pylo\MCreator\jdk\jre\bin\nio.dll
0x000007fefcda0000 - 0x000007fefcdb8000 	C:\Windows\system32\CRYPTSP.dll
0x000007fefcaa0000 - 0x000007fefcae7000 	C:\Windows\system32\rsaenh.dll
0x000007fefd610000 - 0x000007fefd62e000 	C:\Windows\system32\USERENV.dll
0x000007fefd450000 - 0x000007fefd45f000 	C:\Windows\system32\CRYPTBASE.dll
0x000007fef9610000 - 0x000007fef9621000 	C:\Windows\system32\dhcpcsvc6.DLL
0x000007fef9910000 - 0x000007fef9928000 	C:\Windows\system32\dhcpcsvc.DLL
0x000007fedfe20000 - 0x000007fedfe62000 	C:\Users\Mélanie\AppData\Local\Temp\jna-2096670649\jna8632766713825494338.dll
0x000007fef58d0000 - 0x000007fef58d3000 	C:\Windows\system32\api-ms-win-core-synch-l1-2-0.DLL
0x00000000002a0000 - 0x00000000002f3000 	C:\Users\Mélanie\.mcreator\gradle\caches\minecraft\net\minecraft\natives\1.12.2\lwjgl64.dll
0x000007fed66f0000 - 0x000007fed680d000 	C:\Windows\system32\OPENGL32.dll
0x000007fef5b40000 - 0x000007fef5b6d000 	C:\Windows\system32\GLU32.dll
0x000007fed6280000 - 0x000007fed6371000 	C:\Windows\system32\DDRAW.dll
0x000007fefabf0000 - 0x000007fefabf8000 	C:\Windows\system32\DCIMAN32.dll
0x000007fefe2f0000 - 0x000007fefe4c7000 	C:\Windows\system32\SETUPAPI.dll
0x000007fefd7d0000 - 0x000007fefd806000 	C:\Windows\system32\CFGMGR32.dll
0x000007fefd5d0000 - 0x000007fefd5ea000 	C:\Windows\system32\DEVOBJ.dll
0x000007fefb990000 - 0x000007fefb9a8000 	C:\Windows\system32\dwmapi.dll
0x000007fef43d0000 - 0x000007fef4565000 	C:\Program Files\Pylo\MCreator\jdk\jre\bin\awt.dll
0x000007fefbdb0000 - 0x000007fefbe06000 	C:\Windows\system32\uxtheme.dll
0x000007fefda10000 - 0x000007fefdaa9000 	C:\Windows\system32\CLBCatQ.DLL
0x0000000059b30000 - 0x000000005b483000 	C:\Windows\system32\nvoglv64.DLL
0x000007fefb740000 - 0x000007fefb76d000 	C:\Windows\system32\ntmarta.dll
0x000007feff8a0000 - 0x000007feff8f2000 	C:\Windows\system32\WLDAP32.dll
0x000007fefa4c0000 - 0x000007fefa55c000 	C:\Windows\system32\mscms.dll
0x000007fedecb0000 - 0x000007fedecf2000 	C:\Windows\system32\icm32.dll
0x000007fedec60000 - 0x000007fedeca2000 	C:\Users\Mélanie\AppData\Local\Temp\jna-2096670649\jna55037997042625686.dll

VM Arguments:
jvm_args: -Dfile.encoding=windows-1252 -Duser.country=FR -Duser.language=fr -Duser.variant 
java_command: GradleStart
java_class_path (initial): C:\Users\Mélanie\.mcreator\gradle\caches\minecraft\deobfedDeps\compileDummy.jar;C:\Users\Mélanie\.mcreator\gradle\caches\minecraft\deobfedDeps\providedDummy.jar;C:\Users\Mélanie\.mcreator\gradle\caches\minecraft\net\minecraftforge\forge\1.12.2-14.23.5.2768\snapshot\20171003\forgeSrc-1.12.2-14.23.5.2768.jar;C:\Users\Mélanie\.mcreator\gradle\caches\modules-2\files-2.1\com.mojang\authlib\1.5.25\9834cdf236c22e84b946bba989e2f94ef5897c3c\authlib-1.5.25.jar;C:\Users\Mélanie\.mcreator\gradle\caches\modules-2\files-2.1\com.google.code.findbugs\jsr305\3.0.1\f7be08ec23c21485b9b5a1cf1654c2ec8c58168d\jsr305-3.0.1.jar;C:\Users\Mélanie\.mcreator\gradle\caches\modules-2\files-2.1\com.mojang\patchy\1.1\aef610b34a1be37fa851825f12372b78424d8903\patchy-1.1.jar;C:\Users\Mélanie\.mcreator\gradle\caches\modules-2\files-2.1\oshi-project\oshi-core\1.1\9ddf7b048a8d701be231c0f4f95fd986198fd2d8\oshi-core-1.1.jar;C:\Users\Mélanie\.mcreator\gradle\caches\modules-2\files-2.1\com.mojang\text2speech\1.10.3\48fd510879dff266c3815947de66e3d4809f8668\text2speech-1.10.3.jar;C:\Users\Mélanie\.mcreator\gradle\caches\modules-2\files-2.1\ca.weblite\java-objc-bridge\1.0.0\6ef160c3133a78de015830860197602ca1c855d3\java-objc-bridge-1.0.0.jar;C:\Users\Mélanie\.mcreator\gradle\caches\modules-2\files-2.1\net.java.dev.jna\jna\4.4.0\cb208278274bf12ebdb56c61bd7407e6f774d65a\jna-4.4.0.jar;C:\Users\Mélanie\.mcreator\gradle\caches\modules-2\files-2.1\net.java.dev.jna\platform\3.4.0\e3f70017be8100d3d6923f50b3d2ee17714e9c13\platform-3.4.0.jar;C:\Users\Mélanie\.mcreator\gradle\caches\modules-2\files-2.1\com.ibm.icu\icu4j-core-mojang\51.2\63d216a9311cca6be337c1e458e587f99d382b84\icu4j-core-mojang-51.2.jar;C:\Users\Mélanie\.mcreator\gradle\caches\modules-2\files-2.1\net.minecraft\launchwrapper\1.12\111e7bea9c968cdb3d06ef4632bf7ff0824d0f36\launchwrapper-1.12.jar;C:\Users\Mélanie\.mcreator\gradle\caches\modules-2\files-2.1\net.sf.jopt-simple\jopt-simple\5.0.3\cdd846cfc4e0f7eefafc02c0f5dce32b9303aa2
Launcher Type: SUN_STANDARD

Environment Variables:
JAVA_HOME=C:\Progra~1\Java\jdk1.8.0_251
PATH=C:\Progra~1\Java\jdk1.8.0_251\bin;C:\Program Files (x86)\Common Files\Oracle\Java\javapath;C:\ProgramData\Oracle\Java\javapath;C:\Windows\system32;C:\Windows;C:\Windows\System32\Wbem;C:\Windows\System32\WindowsPowerShell\v1.0\;C:\Program Files\PuTTY\;C:\Program Files (x86)\Jar2Exe Wizard\;C:\Program Files\Pylo\MCreator\jdk\jre\bin
USERNAME=Mélanie
OS=Windows_NT
PROCESSOR_IDENTIFIER=AMD64 Family 15 Model 127 Stepping 2, AuthenticAMD



---------------  S Y S T E M  ---------------

OS: Windows 7 , 64 bit Build 7601 (6.1.7601.23807)

CPU:total 1 (initial active 1) (1 cores per cpu, 1 threads per core) family 15 model 127 stepping 2, cmov, cx8, fxsr, mmx, sse, sse2, sse3, mmxext, 3dnowpref, tsc

Memory: 4k page, physical 3930616k(775608k free), swap 5847488k(5228k free)

vm_info: OpenJDK 64-Bit Server VM (25.232-b09) for windows-amd64 JRE (1.8.0_232-BellSoft-b09), built on Oct 16 2019 00:56:45 by "hudson" with MS VC++ 12.0 (VS2013)

time: Mon May 11 21:58:32 2020
timezone: Paris, Madrid (heure d?été)
elapsed time: 89 seconds (0d 0h 1m 29s)

