JvmtiExport can_access_local_variables 0
JvmtiExport can_hotswap_or_post_breakpoint 0
JvmtiExport can_post_on_exceptions 0
# 369 ciObject found
instanceKlass net/minecraft/client/renderer/BufferBuilder$State
instanceKlass net/minecraft/client/renderer/BufferBuilder$1
instanceKlass com/google/common/util/concurrent/Futures$4
instanceKlass net/minecraft/client/renderer/chunk/ChunkRenderWorker$2
instanceKlass net/minecraft/client/renderer/chunk/ChunkRenderWorker$1
instanceKlass com/google/common/util/concurrent/AggregateFuture$RunningState$1
instanceKlass com/google/common/util/concurrent/AggregateFutureState$AtomicHelper
instanceKlass com/google/common/util/concurrent/AggregateFutureState
instanceKlass com/google/common/util/concurrent/ImmediateFuture
instanceKlass com/google/common/util/concurrent/Futures$2
instanceKlass com/google/common/util/concurrent/CheckedFuture
instanceKlass com/google/common/util/concurrent/AsyncFunction
instanceKlass com/google/common/util/concurrent/GwtFuturesCatchingSpecialization
instanceKlass net/minecraft/world/chunk/Chunk$$Lambda$294
instanceKlass net/minecraft/world/chunk/Chunk$$Lambda$293
instanceKlass com/google/common/primitives/Floats
instanceKlass java/util/regex/Pattern$CharPropertyNames$CharPropertyFactory
instanceKlass java/util/regex/Pattern$CharPropertyNames
instanceKlass com/google/common/primitives/Doubles
instanceKlass net/minecraft/world/biome/BiomeColorHelper$3
instanceKlass net/minecraft/world/biome/BiomeColorHelper$2
instanceKlass net/minecraft/world/biome/BiomeColorHelper$1
instanceKlass net/minecraft/world/biome/BiomeColorHelper$ColorResolver
instanceKlass net/minecraft/world/biome/BiomeColorHelper
instanceKlass net/minecraftforge/client/model/pipeline/LightUtil$$Lambda$292
instanceKlass net/minecraft/block/Block$1
instanceKlass net/minecraftforge/client/model/pipeline/VertexLighterFlat$1
instanceKlass net/minecraftforge/client/model/pipeline/BlockInfo
instanceKlass net/minecraftforge/client/model/pipeline/VertexBufferConsumer
instanceKlass net/minecraft/client/renderer/BlockRendererDispatcher$1
instanceKlass net/minecraft/util/math/Vec2f
instanceKlass net/minecraft/client/resources/SkinManager$3$1
instanceKlass com/google/common/primitives/Booleans
instanceKlass net/minecraftforge/client/model/pipeline/LightUtil
instanceKlass net/minecraft/client/model/ModelBiped$1
instanceKlass net/minecraft/client/resources/DefaultPlayerSkin
instanceKlass net/minecraft/client/resources/SkinManager$3
instanceKlass net/minecraft/client/network/NetworkPlayerInfo$1
instanceKlass net/minecraft/client/renderer/RenderGlobal$2
instanceKlass net/minecraft/client/renderer/RenderGlobal$$Lambda$291
instanceKlass net/minecraft/client/renderer/chunk/ChunkRenderDispatcher$1
instanceKlass net/minecraft/client/renderer/chunk/ChunkCompileTaskGenerator
instanceKlass net/minecraft/client/renderer/chunk/VisGraph$1
instanceKlass net/minecraftforge/registries/ForgeRegistry$Snapshot$$Lambda$290
instanceKlass java/util/stream/Sink$ChainedInt
instanceKlass java/util/stream/Nodes$IntArrayNode
instanceKlass java/util/stream/Node$Builder$OfInt
instanceKlass java/util/stream/IntPipeline$$Lambda$289
instanceKlass net/minecraftforge/registries/ForgeRegistry$Snapshot$$Lambda$288
instanceKlass net/minecraftforge/registries/ForgeRegistry$Snapshot$$Lambda$287
instanceKlass net/minecraftforge/registries/ForgeRegistry$Snapshot$$Lambda$286
instanceKlass net/minecraftforge/registries/ForgeRegistry$Snapshot$$Lambda$285
instanceKlass net/minecraftforge/registries/ForgeRegistry$Snapshot$$Lambda$284
instanceKlass net/minecraftforge/registries/ForgeRegistry$Snapshot$$Lambda$283
instanceKlass net/minecraftforge/registries/ForgeRegistry$Snapshot$$Lambda$282
instanceKlass net/minecraftforge/registries/ForgeRegistry$$Lambda$281
instanceKlass net/minecraftforge/registries/RegistryManager$$Lambda$280
instanceKlass net/minecraft/util/IntegerCache
instanceKlass net/minecraft/util/math/BlockPos$2
instanceKlass net/minecraft/client/renderer/chunk/VisGraph
instanceKlass net/minecraft/client/renderer/RenderGlobal$ContainerLocalRenderInformation
instanceKlass net/minecraft/client/renderer/culling/Frustum
instanceKlass org/lwjgl/util/glu/GLUtessellator
instanceKlass org/lwjgl/util/glu/GLU
instanceKlass net/minecraft/client/renderer/ActiveRenderInfo
instanceKlass net/minecraft/client/renderer/EntityRenderer$1
instanceKlass net/minecraft/network/play/server/SPacketWorldBorder$1
instanceKlass net/minecraft/client/resources/SkinManager$SkinAvailableCallback
instanceKlass net/minecraft/client/network/NetworkPlayerInfo
instanceKlass net/minecraft/client/network/NetHandlerPlayClient$$Lambda$279
instanceKlass net/minecraft/client/network/NetHandlerPlayClient$$Lambda$278
instanceKlass net/minecraft/client/network/NetHandlerPlayClient$$Lambda$277
instanceKlass net/minecraft/client/network/NetHandlerPlayClient$3
instanceKlass net/minecraft/client/renderer/chunk/SetVisibility
instanceKlass net/minecraft/client/renderer/chunk/CompiledChunk
instanceKlass net/minecraft/client/renderer/ViewFrustum
instanceKlass net/minecraft/client/renderer/chunk/ChunkRenderWorker
instanceKlass net/minecraft/client/renderer/RegionRenderCacheBuilder
instanceKlass net/minecraft/client/renderer/chunk/ChunkRenderDispatcher
instanceKlass net/minecraft/client/multiplayer/ChunkProviderClient
instanceKlass net/minecraft/world/storage/SaveHandlerMP
instanceKlass net/minecraft/client/multiplayer/PlayerControllerMP
instanceKlass com/google/common/collect/Count
instanceKlass it/unimi/dsi/fastutil/objects/ObjectCollections
instanceKlass com/google/common/collect/MapMakerInternalMap$HashIterator
instanceKlass net/minecraft/network/play/server/SPacketMultiBlockChange$BlockUpdateData
instanceKlass net/minecraftforge/common/property/IExtendedBlockState
instanceKlass net/minecraft/entity/monster/EntityEnderman$1
instanceKlass net/minecraft/entity/ai/EntityAIFindEntityNearest$1
instanceKlass net/minecraft/entity/ai/EntityAIFindEntityNearestPlayer$1
instanceKlass net/minecraft/entity/ai/EntityAIAvoidEntity$1
instanceKlass net/minecraft/world/DifficultyInstance
instanceKlass net/minecraft/entity/EntitySpawnPlacementRegistry
instanceKlass net/minecraft/world/biome/Biome$1
instanceKlass io/netty/buffer/HeapByteBufUtil
instanceKlass net/minecraft/util/TupleIntJsonSerializable
instanceKlass net/mcreator/machinetryallium/MachinetryalliumVariables$WorldSavedDataSyncMessageHandler$$Lambda$276
instanceKlass net/minecraftforge/fml/common/network/simpleimpl/MessageContext
instanceKlass com/google/common/util/concurrent/ExecutionList
instanceKlass java/util/concurrent/FutureTask$WaitNode
instanceKlass java/util/concurrent/FutureTask
instanceKlass net/minecraft/network/PacketThreadUtil$1
instanceKlass net/minecraft/network/PacketThreadUtil
instanceKlass net/mcreator/machinetryallium/procedure/ProcedureGoldstickItemInInventoryTick$1
instanceKlass com/google/common/io/CharSink
instanceKlass net/minecraft/world/storage/loot/LootContext
instanceKlass net/minecraft/world/storage/loot/LootContext$Builder
instanceKlass net/minecraft/server/management/PlayerChunkMapEntry$1
instanceKlass net/minecraft/server/management/PlayerChunkMapEntry
instanceKlass net/minecraft/util/text/TextComponentBase$2
instanceKlass net/minecraft/util/text/TextComponentBase$1
instanceKlass net/minecraft/util/text/event/ClickEvent
instanceKlass net/minecraftforge/fml/common/ObfuscationReflectionHelper
instanceKlass net/minecraft/network/play/server/SPacketPlayerListItem$AddPlayerData
instanceKlass net/minecraftforge/fml/common/network/NetworkHandshakeEstablished
instanceKlass net/minecraftforge/fml/common/network/internal/FMLNetworkHandler$$Lambda$275
instanceKlass net/minecraftforge/fml/common/network/internal/FMLNetworkHandler$$Lambda$274
instanceKlass net/minecraftforge/fml/common/network/internal/FMLNetworkHandler$$Lambda$273
instanceKlass net/minecraftforge/fml/common/network/ByteBufUtils
instanceKlass net/minecraftforge/fml/common/network/handshake/HandshakeMessageHandler$$Lambda$272
instanceKlass io/netty/channel/AbstractChannelHandlerContext$15
instanceKlass it/unimi/dsi/fastutil/ints/Int2IntMap$FastEntrySet
instanceKlass it/unimi/dsi/fastutil/ints/AbstractInt2IntFunction
instanceKlass it/unimi/dsi/fastutil/ints/Int2IntMap
instanceKlass it/unimi/dsi/fastutil/ints/Int2IntFunction
instanceKlass net/minecraft/client/util/RecipeItemHelper
instanceKlass net/minecraft/util/ServerRecipeBookHelper
instanceKlass net/minecraftforge/fml/common/network/handshake/HandshakeMessageHandler$$Lambda$271
instanceKlass io/netty/channel/DefaultChannelPipeline$4
instanceKlass net/minecraftforge/fml/common/network/handshake/IHandshakeState
instanceKlass net/minecraft/advancements/critereon/PlayerHurtEntityTrigger$Listeners
instanceKlass net/minecraft/advancements/critereon/CuredZombieVillagerTrigger$Listeners
instanceKlass net/minecraft/advancements/critereon/VillagerTradeTrigger$Listeners
instanceKlass net/minecraft/advancements/critereon/BredAnimalsTrigger$Listeners
instanceKlass net/minecraft/advancements/critereon/NetherTravelTrigger$Listeners
instanceKlass net/minecraft/advancements/critereon/ConsumeItemTrigger$Listeners
instanceKlass net/minecraft/advancements/critereon/LevitationTrigger$Listeners
instanceKlass net/minecraft/advancements/critereon/PlacedBlockTrigger$Listeners
instanceKlass net/minecraft/advancements/critereon/BrewedPotionTrigger$Listeners
instanceKlass net/minecraft/advancements/critereon/UsedTotemTrigger$Listeners
instanceKlass net/minecraft/advancements/critereon/EntityHurtPlayerTrigger$Listeners
instanceKlass net/minecraft/advancements/critereon/ConstructBeaconTrigger$Listeners
instanceKlass net/minecraft/advancements/critereon/ChangeDimensionTrigger$Listeners
instanceKlass net/minecraft/advancements/critereon/TameAnimalTrigger$Listeners
instanceKlass net/minecraft/advancements/critereon/EffectsChangedTrigger$Listeners
instanceKlass net/minecraft/advancements/critereon/EnchantedItemTrigger$Listeners
instanceKlass net/minecraft/advancements/critereon/EnterBlockTrigger$Listeners
instanceKlass net/minecraft/advancements/critereon/PositionTrigger$Listeners
instanceKlass net/minecraft/advancements/critereon/KilledTrigger$Listeners
instanceKlass net/minecraft/advancements/critereon/ItemDurabilityTrigger$Listeners
instanceKlass net/minecraft/advancements/critereon/SummonedEntityTrigger$Listeners
instanceKlass net/minecraftforge/fml/common/network/handshake/FMLHandshakeMessage
instanceKlass net/minecraft/network/NetHandlerPlayServer
instanceKlass net/minecraft/network/play/INetHandlerPlayServer
instanceKlass net/minecraft/advancements/critereon/RecipeUnlockedTrigger$Listeners
instanceKlass net/minecraft/advancements/critereon/InventoryChangeTrigger$Listeners
instanceKlass net/minecraft/advancements/ICriterionTrigger$Listener
instanceKlass net/minecraft/advancements/CriterionProgress
instanceKlass net/minecraft/util/ResourceLocation$Serializer
instanceKlass net/minecraft/advancements/AdvancementProgress$Serializer
instanceKlass net/minecraft/advancements/AdvancementProgress
instanceKlass net/minecraft/advancements/PlayerAdvancements
instanceKlass net/minecraft/stats/StatisticsManager
instanceKlass net/minecraft/client/multiplayer/ClientAdvancementManager
instanceKlass net/minecraft/client/network/NetHandlerPlayClient
instanceKlass net/minecraft/network/play/INetHandlerPlayClient
instanceKlass net/minecraft/inventory/InventoryCraftResult
instanceKlass net/minecraft/inventory/Slot
instanceKlass net/minecraftforge/items/wrapper/RangedWrapper
instanceKlass net/minecraft/util/FoodStats
instanceKlass org/apache/commons/lang3/math/NumberUtils
instanceKlass org/apache/commons/lang3/SystemUtils
instanceKlass org/apache/commons/lang3/builder/ToStringStyle
instanceKlass org/apache/commons/lang3/builder/ToStringBuilder
instanceKlass org/apache/commons/lang3/builder/Builder
instanceKlass net/minecraft/server/network/NetHandlerLoginServer
instanceKlass net/minecraft/network/login/INetHandlerLoginServer
instanceKlass net/minecraftforge/fml/common/network/NetworkRegistry$$Lambda$270
instanceKlass io/netty/channel/local/LocalChannel$5
instanceKlass io/netty/util/internal/PromiseNotificationUtil
instanceKlass io/netty/util/ReferenceCountUtil
instanceKlass io/netty/channel/local/LocalChannel$6
instanceKlass io/netty/util/Recycler$DefaultHandle
instanceKlass io/netty/util/Recycler$Stack
instanceKlass io/netty/util/Recycler$1
instanceKlass io/netty/util/Recycler$Handle
instanceKlass io/netty/util/Recycler
instanceKlass io/netty/channel/FileRegion
instanceKlass io/netty/buffer/ByteBufHolder
instanceKlass net/minecraft/network/NetworkManager$4
instanceKlass net/minecraft/network/ServerStatusResponse$Serializer
instanceKlass net/minecraft/network/ServerStatusResponse$Players$Serializer
instanceKlass net/minecraft/network/ServerStatusResponse$Version$Serializer
instanceKlass net/minecraft/scoreboard/Score
instanceKlass net/minecraft/entity/player/PlayerCapabilities
instanceKlass net/minecraft/network/login/client/CPacketEncryptionResponse
instanceKlass net/minecraft/network/login/client/CPacketLoginStart
instanceKlass net/minecraft/network/login/server/SPacketEnableCompression
instanceKlass net/minecraft/network/login/server/SPacketLoginSuccess
instanceKlass net/minecraft/network/login/server/SPacketEncryptionRequest
instanceKlass net/minecraft/network/login/server/SPacketDisconnect
instanceKlass net/minecraft/network/status/server/SPacketPong
instanceKlass net/minecraft/network/status/client/CPacketPing
instanceKlass net/minecraft/network/status/server/SPacketServerInfo
instanceKlass net/minecraft/network/status/client/CPacketServerQuery
instanceKlass net/minecraft/network/play/client/CPacketPlayerTryUseItem
instanceKlass net/minecraft/network/play/client/CPacketPlayerTryUseItemOnBlock
instanceKlass net/minecraft/network/play/client/CPacketSpectate
instanceKlass net/minecraft/network/play/client/CPacketAnimation
instanceKlass net/minecraft/network/play/client/CPacketUpdateSign
instanceKlass net/minecraft/network/play/client/CPacketCreativeInventoryAction
instanceKlass net/minecraft/network/play/client/CPacketHeldItemChange
instanceKlass net/minecraft/network/play/client/CPacketSeenAdvancements
instanceKlass net/minecraft/network/play/client/CPacketResourcePackStatus
instanceKlass net/minecraft/network/play/client/CPacketRecipeInfo
instanceKlass net/minecraft/network/play/client/CPacketInput
instanceKlass net/minecraft/network/play/client/CPacketEntityAction
instanceKlass net/minecraft/network/play/client/CPacketPlayerDigging
instanceKlass net/minecraft/network/play/client/CPacketPlayerAbilities
instanceKlass net/minecraft/network/play/client/CPacketPlaceRecipe
instanceKlass net/minecraft/network/play/client/CPacketSteerBoat
instanceKlass net/minecraft/network/play/client/CPacketVehicleMove
instanceKlass net/minecraft/network/play/client/CPacketPlayer
instanceKlass net/minecraft/network/play/client/CPacketKeepAlive
instanceKlass net/minecraft/network/play/client/CPacketUseEntity
instanceKlass net/minecraft/network/play/client/CPacketCustomPayload
instanceKlass net/minecraft/network/play/client/CPacketCloseWindow
instanceKlass net/minecraft/network/play/client/CPacketClickWindow
instanceKlass net/minecraft/network/play/client/CPacketEnchantItem
instanceKlass net/minecraft/network/play/client/CPacketConfirmTransaction
instanceKlass net/minecraft/network/play/client/CPacketClientSettings
instanceKlass net/minecraft/network/play/client/CPacketClientStatus
instanceKlass net/minecraft/network/play/client/CPacketChatMessage
instanceKlass net/minecraft/network/play/client/CPacketTabComplete
instanceKlass net/minecraft/network/play/client/CPacketConfirmTeleport
instanceKlass net/minecraft/network/play/server/SPacketEntityEffect
instanceKlass net/minecraft/network/play/server/SPacketAdvancementInfo
instanceKlass net/minecraft/network/play/server/SPacketCollectItem
instanceKlass net/minecraft/network/play/server/SPacketPlayerListHeaderFooter
instanceKlass net/minecraft/network/play/server/SPacketTitle
instanceKlass net/minecraft/network/play/server/SPacketSpawnPosition
instanceKlass net/minecraft/network/play/server/SPacketUpdateScore
instanceKlass net/minecraft/network/play/server/SPacketTeams
instanceKlass net/minecraft/network/play/server/SPacketSetPassengers
instanceKlass net/minecraft/network/play/server/SPacketScoreboardObjective
instanceKlass net/minecraft/network/play/server/SPacketUpdateHealth
instanceKlass net/minecraft/network/play/server/SPacketSetExperience
instanceKlass net/minecraft/network/play/server/SPacketEntityEquipment
instanceKlass net/minecraft/network/play/server/SPacketEntityAttach
instanceKlass net/minecraft/network/play/server/SPacketDisplayObjective
instanceKlass net/minecraft/network/play/server/SPacketHeldItemChange
instanceKlass net/minecraft/network/play/server/SPacketCamera
instanceKlass net/minecraft/network/play/server/SPacketWorldBorder
instanceKlass net/minecraft/network/play/server/SPacketSelectAdvancementsTab
instanceKlass net/minecraft/network/play/server/SPacketRespawn
instanceKlass net/minecraft/network/play/server/SPacketResourcePackSend
instanceKlass net/minecraft/network/play/server/SPacketRemoveEntityEffect
instanceKlass net/minecraft/network/play/server/SPacketDestroyEntities
instanceKlass net/minecraft/network/play/server/SPacketRecipeBook
instanceKlass net/minecraft/network/play/server/SPacketUseBed
instanceKlass net/minecraft/network/play/server/SPacketPlayerPosLook
instanceKlass net/minecraft/network/play/server/SPacketPlayerListItem
instanceKlass net/minecraft/network/play/server/SPacketCombatEvent
instanceKlass net/minecraft/network/play/server/SPacketPlayerAbilities
instanceKlass net/minecraft/network/play/server/SPacketPlaceGhostRecipe
instanceKlass net/minecraft/network/play/server/SPacketSignEditorOpen
instanceKlass net/minecraft/network/play/server/SPacketMoveVehicle
instanceKlass net/minecraft/network/play/server/SPacketMaps
instanceKlass net/minecraft/network/play/server/SPacketJoinGame
instanceKlass net/minecraft/network/play/server/SPacketParticles
instanceKlass net/minecraft/network/play/server/SPacketEffect
instanceKlass net/minecraft/network/play/server/SPacketChunkData
instanceKlass net/minecraft/network/play/server/SPacketKeepAlive
instanceKlass net/minecraft/network/play/server/SPacketChangeGameState
instanceKlass net/minecraft/network/play/server/SPacketUnloadChunk
instanceKlass net/minecraft/network/play/server/SPacketExplosion
instanceKlass net/minecraft/network/play/server/SPacketEntityStatus
instanceKlass net/minecraft/network/play/server/SPacketDisconnect
instanceKlass net/minecraft/network/play/server/SPacketCustomSound
instanceKlass net/minecraft/network/play/server/SPacketCustomPayload
instanceKlass net/minecraft/network/play/server/SPacketCooldown
instanceKlass net/minecraft/network/play/server/SPacketSetSlot
instanceKlass net/minecraft/network/play/server/SPacketWindowProperty
instanceKlass net/minecraft/network/play/server/SPacketWindowItems
instanceKlass net/minecraft/network/play/server/SPacketOpenWindow
instanceKlass net/minecraft/network/play/server/SPacketCloseWindow
instanceKlass net/minecraft/network/play/server/SPacketConfirmTransaction
instanceKlass net/minecraft/network/play/server/SPacketMultiBlockChange
instanceKlass net/minecraft/network/play/server/SPacketChat
instanceKlass net/minecraft/network/play/server/SPacketTabComplete
instanceKlass net/minecraft/client/network/NetHandlerLoginClient
instanceKlass net/minecraft/network/login/INetHandlerLoginClient
instanceKlass io/netty/channel/AbstractChannelHandlerContext$16
instanceKlass net/minecraft/network/play/server/SPacketServerDifficulty
instanceKlass net/minecraft/network/play/server/SPacketBlockChange
instanceKlass net/minecraft/network/play/server/SPacketBlockAction
instanceKlass net/minecraft/network/play/server/SPacketUpdateTileEntity
instanceKlass net/minecraft/network/play/server/SPacketBlockBreakAnim
instanceKlass net/minecraft/network/play/server/SPacketStatistics
instanceKlass net/minecraft/network/play/server/SPacketAnimation
instanceKlass net/minecraft/network/play/server/SPacketSpawnPlayer
instanceKlass net/minecraft/network/play/server/SPacketSpawnPainting
instanceKlass net/minecraft/network/play/server/SPacketSpawnMob
instanceKlass net/minecraft/network/play/server/SPacketSpawnGlobalEntity
instanceKlass net/minecraft/network/play/server/SPacketSpawnExperienceOrb
instanceKlass net/minecraft/network/play/server/SPacketSpawnObject
instanceKlass net/minecraft/network/handshake/client/C00Handshake
instanceKlass net/minecraft/client/network/NetHandlerHandshakeMemory
instanceKlass net/minecraft/network/handshake/INetHandlerHandshakeServer
instanceKlass io/netty/channel/local/LocalChannel$3
instanceKlass io/netty/bootstrap/ServerBootstrap$ServerBootstrapAcceptor$2
instanceKlass io/netty/channel/local/LocalServerChannel$2
instanceKlass io/netty/bootstrap/Bootstrap$3
instanceKlass io/netty/util/concurrent/GenericProgressiveFutureListener
instanceKlass io/netty/resolver/AddressResolverGroup$1
instanceKlass io/netty/resolver/AbstractAddressResolver
instanceKlass io/netty/resolver/AddressResolver
instanceKlass io/netty/resolver/SimpleNameResolver
instanceKlass io/netty/resolver/NameResolver
instanceKlass io/netty/bootstrap/Bootstrap$1
instanceKlass io/netty/channel/local/LocalChannel$2
instanceKlass io/netty/channel/local/LocalChannel$1
instanceKlass io/netty/util/internal/shaded/org/jctools/queues/LinkedQueueNode
instanceKlass com/google/common/base/Predicates$1
instanceKlass io/netty/resolver/AddressResolverGroup
instanceKlass java/nio/channels/spi/AbstractSelector$1
instanceKlass io/netty/channel/ChannelFutureListener$3
instanceKlass io/netty/channel/ChannelFutureListener$2
instanceKlass io/netty/channel/ChannelFutureListener$1
instanceKlass io/netty/channel/AbstractChannel$AbstractUnsafe$2
instanceKlass io/netty/channel/local/LocalChannelRegistry
instanceKlass io/netty/bootstrap/ServerBootstrap$ServerBootstrapAcceptor$1
instanceKlass io/netty/bootstrap/AbstractBootstrap$2
instanceKlass io/netty/util/concurrent/DefaultFutureListeners
instanceKlass io/netty/bootstrap/ServerBootstrap$1$1
instanceKlass io/netty/bootstrap/AbstractBootstrap$1
instanceKlass io/netty/util/internal/shaded/org/jctools/util/UnsafeRefArrayAccess
instanceKlass io/netty/util/concurrent/SingleThreadEventExecutor$5
instanceKlass io/netty/channel/AbstractChannel$AbstractUnsafe$1
instanceKlass io/netty/channel/local/PreferHeapByteBufAllocator
instanceKlass io/netty/channel/local/LocalServerChannel$1
instanceKlass io/netty/util/internal/SocketUtils$13
instanceKlass io/netty/util/NetUtil$1
instanceKlass java/net/NetworkInterface$1checkedAddresses
instanceKlass io/netty/util/internal/SocketUtils$11
instanceKlass io/netty/util/internal/SocketUtils
instanceKlass net/minecraft/network/play/server/SPacketTimeUpdate
instanceKlass io/netty/util/NetUtil
instanceKlass io/netty/util/internal/MacAddressUtil
instanceKlass javax/security/cert/Certificate
instanceKlass io/netty/util/AsciiString
instanceKlass io/netty/util/internal/EmptyArrays
instanceKlass io/netty/util/internal/PlatformDependent0$6
instanceKlass io/netty/channel/DefaultChannelId
instanceKlass io/netty/util/concurrent/MultithreadEventExecutorGroup$1
instanceKlass io/netty/util/concurrent/DefaultEventExecutorChooserFactory$PowerOfTwoEventExecutorChooser
instanceKlass io/netty/channel/nio/NioEventLoop$5
instanceKlass io/netty/channel/nio/NioEventLoop$4
instanceKlass sun/nio/ch/OptionKey
instanceKlass sun/nio/ch/SocketOptionRegistry$LazyInitialization
instanceKlass sun/nio/ch/SocketOptionRegistry$RegistryKey
instanceKlass sun/nio/ch/SocketOptionRegistry
instanceKlass jdk/net/SocketFlow
instanceKlass sun/net/ExtendedOptionsImpl$$Lambda$269
instanceKlass sun/net/ExtendedOptionsImpl
instanceKlass sun/nio/ch/ExtendedSocketOption$1
instanceKlass sun/nio/ch/ExtendedSocketOption
instanceKlass sun/nio/ch/SocketChannelImpl$DefaultOptionsHolder
instanceKlass java/net/StandardSocketOptions$StdSocketOption
instanceKlass java/net/SocketOption
instanceKlass java/net/StandardSocketOptions
instanceKlass java/net/ServerSocket
instanceKlass sun/nio/ch/Net$3
instanceKlass sun/nio/ch/Net$4
instanceKlass sun/nio/ch/Net$1
instanceKlass java/net/ProtocolFamily
instanceKlass sun/nio/ch/Net
instanceKlass sun/nio/ch/SelChImpl
instanceKlass java/nio/channels/NetworkChannel
instanceKlass sun/nio/ch/PipeImpl$Initializer$LoopbackConnector
instanceKlass sun/nio/ch/PipeImpl$Initializer
instanceKlass java/nio/channels/Pipe
instanceKlass sun/nio/ch/NativeObject
instanceKlass sun/nio/ch/PollArrayWrapper
instanceKlass sun/nio/ch/WindowsSelectorImpl$FinishLock
instanceKlass sun/nio/ch/WindowsSelectorImpl$StartLock
instanceKlass sun/nio/ch/WindowsSelectorImpl$SubSelector
instanceKlass java/nio/channels/SelectionKey
instanceKlass sun/nio/ch/Util$3
instanceKlass io/netty/channel/nio/NioEventLoop$2
instanceKlass io/netty/channel/nio/NioEventLoop$1
instanceKlass io/netty/util/internal/shaded/org/jctools/queues/CircularArrayOffsetCalculator
instanceKlass io/netty/util/internal/shaded/org/jctools/util/Pow2
instanceKlass io/netty/util/internal/shaded/org/jctools/util/UnsafeAccess
instanceKlass io/netty/util/internal/PlatformDependent$Mpsc$1
instanceKlass io/netty/util/internal/PlatformDependent$Mpsc
instanceKlass io/netty/channel/DefaultSelectStrategy
instanceKlass io/netty/channel/SelectStrategy
instanceKlass io/netty/channel/nio/NioEventLoop$3
instanceKlass io/netty/util/concurrent/SingleThreadEventExecutor$2
instanceKlass io/netty/util/concurrent/SingleThreadEventExecutor$1
instanceKlass java/nio/channels/Selector
instanceKlass io/netty/util/IntSupplier
instanceKlass io/netty/util/concurrent/ThreadProperties
instanceKlass io/netty/util/concurrent/GlobalEventExecutor$TaskRunner
instanceKlass io/netty/util/concurrent/DefaultThreadFactory
instanceKlass java/util/concurrent/Executors$RunnableAdapter
instanceKlass io/netty/util/concurrent/GlobalEventExecutor$1
instanceKlass io/netty/util/concurrent/EventExecutorChooserFactory$EventExecutorChooser
instanceKlass io/netty/util/concurrent/DefaultEventExecutorChooserFactory
instanceKlass io/netty/util/concurrent/ThreadPerTaskExecutor
instanceKlass io/netty/util/concurrent/RejectedExecutionHandlers$1
instanceKlass io/netty/util/concurrent/RejectedExecutionHandler
instanceKlass io/netty/util/concurrent/RejectedExecutionHandlers
instanceKlass io/netty/channel/DefaultSelectStrategyFactory
instanceKlass io/netty/channel/SelectStrategyFactory
instanceKlass sun/nio/ch/DefaultSelectorProvider
instanceKlass java/nio/channels/spi/SelectorProvider$1
instanceKlass java/nio/channels/spi/SelectorProvider
instanceKlass io/netty/util/concurrent/EventExecutorChooserFactory
instanceKlass io/netty/util/concurrent/FutureListener
instanceKlass io/netty/util/concurrent/AbstractEventExecutorGroup
instanceKlass io/netty/channel/ReflectiveChannelFactory
instanceKlass io/netty/channel/ServerChannel
instanceKlass io/netty/bootstrap/AbstractBootstrapConfig
instanceKlass io/netty/channel/ChannelFactory
instanceKlass io/netty/bootstrap/ChannelFactory
instanceKlass io/netty/bootstrap/AbstractBootstrap
instanceKlass net/minecraft/network/play/server/SPacketEntityTeleport
instanceKlass net/minecraft/network/play/server/SPacketEntityVelocity
instanceKlass net/minecraft/util/math/BlockPos$1
instanceKlass net/minecraft/server/management/PlayerChunkMap$4
instanceKlass net/mcreator/machinetryallium/procedure/ProcedureMachinecraft$134
instanceKlass net/mcreator/machinetryallium/procedure/ProcedureMachinecraft$133
instanceKlass net/mcreator/machinetryallium/procedure/ProcedureMachinecraft$123
instanceKlass net/mcreator/machinetryallium/procedure/ProcedureMachinecraft$122
instanceKlass net/mcreator/machinetryallium/procedure/ProcedureMachinecraft$112
