Unsupposrted library path: D:\Mélanie@Documents\Mélanie\Downloads\machinetryalliumderniereMAJOFFICIEl\machinetryallium\build\classes\java\api
Unsupposrted library path: D:\Mélanie@Documents\Mélanie\Downloads\machinetryalliumderniereMAJOFFICIEl\machinetryallium\build\resources\api
Symbol range map extraction starting
Processing 145 files
startProcessing "net/mcreator/machinetryallium/ClientProxyMachinetryalliumMod.java" md5: ca686884c49675df0064e90ec0cb0f29
endProcessing "net/mcreator/machinetryallium/ClientProxyMachinetryalliumMod.java"

startProcessing "net/mcreator/machinetryallium/ElementsMachinetryalliumMod.java" md5: ce0beb55ed7701c158678aa67e0bfafc
endProcessing "net/mcreator/machinetryallium/ElementsMachinetryalliumMod.java"

startProcessing "net/mcreator/machinetryallium/IProxyMachinetryalliumMod.java" md5: 8233186e75e83ba5f43ee2ff3b8d9480
endProcessing "net/mcreator/machinetryallium/IProxyMachinetryalliumMod.java"

startProcessing "net/mcreator/machinetryallium/MachinetryalliumMod.java" md5: ad77f6a6f94109e535b0e85f71a66f77
endProcessing "net/mcreator/machinetryallium/MachinetryalliumMod.java"

startProcessing "net/mcreator/machinetryallium/MachinetryalliumModVariables.java" md5: 9e058d5027991e0a14c264971839f9b8
endProcessing "net/mcreator/machinetryallium/MachinetryalliumModVariables.java"

startProcessing "net/mcreator/machinetryallium/ServerProxyMachinetryalliumMod.java" md5: 644297d7162ed261ca691da4f3b15cd8
endProcessing "net/mcreator/machinetryallium/ServerProxyMachinetryalliumMod.java"

startProcessing "net/mcreator/machinetryallium/block/BlockArdiumsanguinemachine.java" md5: 2a5ec86187ce6b3f18799be6cc737a31
endProcessing "net/mcreator/machinetryallium/block/BlockArdiumsanguinemachine.java"

startProcessing "net/mcreator/machinetryallium/block/BlockAzuriteOre.java" md5: 3572b0bc997ab951d8d2c433257bcad1
endProcessing "net/mcreator/machinetryallium/block/BlockAzuriteOre.java"

startProcessing "net/mcreator/machinetryallium/block/BlockAzuriteOreBlock.java" md5: eed92d715dcafd2497190ea6a05a7b42
endProcessing "net/mcreator/machinetryallium/block/BlockAzuriteOreBlock.java"

startProcessing "net/mcreator/machinetryallium/block/BlockCaveblock.java" md5: 5aa3d4c8f9ee64135cd6d795e8fc080c
endProcessing "net/mcreator/machinetryallium/block/BlockCaveblock.java"

startProcessing "net/mcreator/machinetryallium/block/BlockEchelle.java" md5: c795cf3a6285bafe4a16391e8a8d8de5
endProcessing "net/mcreator/machinetryallium/block/BlockEchelle.java"

startProcessing "net/mcreator/machinetryallium/block/BlockFlower1.java" md5: 9b6cdec57fb9b521870b8ab27dd221a7
endProcessing "net/mcreator/machinetryallium/block/BlockFlower1.java"

startProcessing "net/mcreator/machinetryallium/block/BlockFlower2.java" md5: 24d935553a7e3c82d1ed0e4e4b4f354d
endProcessing "net/mcreator/machinetryallium/block/BlockFlower2.java"

startProcessing "net/mcreator/machinetryallium/block/BlockFlower3.java" md5: 5fd5f943bb0b35f4145cd80af2760c60
endProcessing "net/mcreator/machinetryallium/block/BlockFlower3.java"

startProcessing "net/mcreator/machinetryallium/block/BlockHardenedobsidian.java" md5: 498d2bee3e3ec349bc6b847b2ec960ad
endProcessing "net/mcreator/machinetryallium/block/BlockHardenedobsidian.java"

startProcessing "net/mcreator/machinetryallium/block/BlockIrrigateur.java" md5: aaa2e6dd3a8a0361a96080bdf76cb434
endProcessing "net/mcreator/machinetryallium/block/BlockIrrigateur.java"

startProcessing "net/mcreator/machinetryallium/block/BlockMachinetryallium.java" md5: 9282ed38141d06335e33ecd483c38a1f
endProcessing "net/mcreator/machinetryallium/block/BlockMachinetryallium.java"

startProcessing "net/mcreator/machinetryallium/block/BlockStickmachine.java" md5: a0839426f084e9a0ed2637ad4ba3ea66
endProcessing "net/mcreator/machinetryallium/block/BlockStickmachine.java"

startProcessing "net/mcreator/machinetryallium/block/BlockTaaffeitOre.java" md5: f9b18ca8aa0854bbe0e4947a38befcde
endProcessing "net/mcreator/machinetryallium/block/BlockTaaffeitOre.java"

startProcessing "net/mcreator/machinetryallium/block/BlockTaaffeitOreBlock.java" md5: d0442c8cff91195e754eb6b6999ef954
endProcessing "net/mcreator/machinetryallium/block/BlockTaaffeitOreBlock.java"

startProcessing "net/mcreator/machinetryallium/block/BlockTryalliumFlower.java" md5: dfde403e9f2eff9bdce9be086dfd2e5e
endProcessing "net/mcreator/machinetryallium/block/BlockTryalliumFlower.java"

startProcessing "net/mcreator/machinetryallium/block/BlockTryalliumOre.java" md5: 0a6bca9b3eca4e57df58616d7ce5deeb
endProcessing "net/mcreator/machinetryallium/block/BlockTryalliumOre.java"

startProcessing "net/mcreator/machinetryallium/block/BlockTryalliumblock.java" md5: 4d840b10756615cbf41546ebbc9cf705
endProcessing "net/mcreator/machinetryallium/block/BlockTryalliumblock.java"

startProcessing "net/mcreator/machinetryallium/block/BlockTryalliumchest.java" md5: 0319857463ceb753211c8cfc977e10ee
endProcessing "net/mcreator/machinetryallium/block/BlockTryalliumchest.java"

startProcessing "net/mcreator/machinetryallium/block/BlockTryalliumseed.java" md5: a39fc00612bc2b3b792fd1a3d6d9e13d
endProcessing "net/mcreator/machinetryallium/block/BlockTryalliumseed.java"

startProcessing "net/mcreator/machinetryallium/command/CommandMap.java" md5: 1242df77e9f8b63e737b9650dd3093f7
endProcessing "net/mcreator/machinetryallium/command/CommandMap.java"

startProcessing "net/mcreator/machinetryallium/creativetab/TabTryalliummod.java" md5: a2c9bcedef7ef06edafda23e7606d7d9
endProcessing "net/mcreator/machinetryallium/creativetab/TabTryalliummod.java"

startProcessing "net/mcreator/machinetryallium/gui/GuiArdiumsanguine.java" md5: 228f73dc3fba5f89d2717515f9314da6
endProcessing "net/mcreator/machinetryallium/gui/GuiArdiumsanguine.java"

startProcessing "net/mcreator/machinetryallium/gui/GuiIrrigateurgui.java" md5: 2b47cef78024e3e66f7bcd5a6e9a9e1e
endProcessing "net/mcreator/machinetryallium/gui/GuiIrrigateurgui.java"

startProcessing "net/mcreator/machinetryallium/gui/GuiMachineasticks.java" md5: b1a9dc02880f5cc6db15264fc1bb1444
endProcessing "net/mcreator/machinetryallium/gui/GuiMachineasticks.java"

startProcessing "net/mcreator/machinetryallium/gui/GuiMaps.java" md5: d8eb2bf050a85c6c417f24449cc88ada
endProcessing "net/mcreator/machinetryallium/gui/GuiMaps.java"

startProcessing "net/mcreator/machinetryallium/gui/GuiTryagui.java" md5: bb6e1d35aae2b34a7e6046e78cc34dc1
endProcessing "net/mcreator/machinetryallium/gui/GuiTryagui.java"

startProcessing "net/mcreator/machinetryallium/gui/GuiTryalliumcoffre.java" md5: ac0f9982b0de70158592322f62f5d203
endProcessing "net/mcreator/machinetryallium/gui/GuiTryalliumcoffre.java"

startProcessing "net/mcreator/machinetryallium/gui/GuiTryalliumcoffre2.java" md5: 5b9b7e781c99b2343c9ecb0204e51dba
endProcessing "net/mcreator/machinetryallium/gui/GuiTryalliumcoffre2.java"

startProcessing "net/mcreator/machinetryallium/item/ItemArdium.java" md5: d33eb9d9416bd775d22369501144efa9
endProcessing "net/mcreator/machinetryallium/item/ItemArdium.java"

startProcessing "net/mcreator/machinetryallium/item/ItemArdiumsang.java" md5: e01e420dba852ebfdc8ad1683ce93d69
endProcessing "net/mcreator/machinetryallium/item/ItemArdiumsang.java"

startProcessing "net/mcreator/machinetryallium/item/ItemAzuriteArmor.java" md5: 3eec236de5f22ddc48b5b4372bfce58d
endProcessing "net/mcreator/machinetryallium/item/ItemAzuriteArmor.java"

startProcessing "net/mcreator/machinetryallium/item/ItemAzuriteAxe.java" md5: 60d78ac96fff7e3a2d227118d5fe92df
endProcessing "net/mcreator/machinetryallium/item/ItemAzuriteAxe.java"

startProcessing "net/mcreator/machinetryallium/item/ItemAzuriteIngot.java" md5: 232afec6e4b8304b7d95a49b11033d6b
endProcessing "net/mcreator/machinetryallium/item/ItemAzuriteIngot.java"

startProcessing "net/mcreator/machinetryallium/item/ItemAzuritePickaxe.java" md5: 505fee5dc2ed768065b644396e2f4374
endProcessing "net/mcreator/machinetryallium/item/ItemAzuritePickaxe.java"

startProcessing "net/mcreator/machinetryallium/item/ItemAzuriteShovel.java" md5: abf5bde8bf8492d673d8ac72a1ad0b28
endProcessing "net/mcreator/machinetryallium/item/ItemAzuriteShovel.java"

startProcessing "net/mcreator/machinetryallium/item/ItemAzuriteSword.java" md5: 23202aec94edbc7c08bd13035cc3797d
endProcessing "net/mcreator/machinetryallium/item/ItemAzuriteSword.java"

startProcessing "net/mcreator/machinetryallium/item/ItemChercher.java" md5: a4527e3ffe384b05effb7110bbbf9679
endProcessing "net/mcreator/machinetryallium/item/ItemChercher.java"

startProcessing "net/mcreator/machinetryallium/item/ItemDynamite.java" md5: 2e30a1ce096b30b981ef5089c765c8e3
endProcessing "net/mcreator/machinetryallium/item/ItemDynamite.java"

startProcessing "net/mcreator/machinetryallium/item/ItemFortuneupgrade.java" md5: 9f62c5433f39377011fe0cc89df2458b
endProcessing "net/mcreator/machinetryallium/item/ItemFortuneupgrade.java"

startProcessing "net/mcreator/machinetryallium/item/ItemGoldpearl.java" md5: 889e1ab059aa1a2e0f5bdf8c0eefa5d7
endProcessing "net/mcreator/machinetryallium/item/ItemGoldpearl.java"

startProcessing "net/mcreator/machinetryallium/item/ItemGoldstick.java" md5: 9035e3415c46222ec9bdaeea7ea6614c
endProcessing "net/mcreator/machinetryallium/item/ItemGoldstick.java"

startProcessing "net/mcreator/machinetryallium/item/ItemGouttedeau.java" md5: 630c19e3af76bb567f36d54f6f3eda99
endProcessing "net/mcreator/machinetryallium/item/ItemGouttedeau.java"

startProcessing "net/mcreator/machinetryallium/item/ItemHammer.java" md5: dc06e09a3db66613956135ccb376982b
endProcessing "net/mcreator/machinetryallium/item/ItemHammer.java"

startProcessing "net/mcreator/machinetryallium/item/ItemHammer_fortune_1_smelt.java" md5: 2e7f8e6c8308aefcac3939b746d0b98a
endProcessing "net/mcreator/machinetryallium/item/ItemHammer_fortune_1_smelt.java"

startProcessing "net/mcreator/machinetryallium/item/ItemHammer_fortune_2.java" md5: ec00c0bc074020eda3b9500deea70df8
endProcessing "net/mcreator/machinetryallium/item/ItemHammer_fortune_2.java"

startProcessing "net/mcreator/machinetryallium/item/ItemHammer_fortune_2_smelt.java" md5: c4c81657697db537976594767b1f8c5e
endProcessing "net/mcreator/machinetryallium/item/ItemHammer_fortune_2_smelt.java"

startProcessing "net/mcreator/machinetryallium/item/ItemHammer_fortune_3.java" md5: d00e3c06ddc6277fcc3aa3ec23e36a20
endProcessing "net/mcreator/machinetryallium/item/ItemHammer_fortune_3.java"

startProcessing "net/mcreator/machinetryallium/item/ItemHammer_fortune_3_smelt.java" md5: e910dff227ba700c8e9019877d23e214
endProcessing "net/mcreator/machinetryallium/item/ItemHammer_fortune_3_smelt.java"

startProcessing "net/mcreator/machinetryallium/item/ItemHammer_speed_2.java" md5: d18ca2684fe4b5e9eca389ccb4bb9d5d
endProcessing "net/mcreator/machinetryallium/item/ItemHammer_speed_2.java"

startProcessing "net/mcreator/machinetryallium/item/ItemHammer_speed_3.java" md5: 5e79cb368777d7b86951e23fa7cfed98
endProcessing "net/mcreator/machinetryallium/item/ItemHammer_speed_3.java"

startProcessing "net/mcreator/machinetryallium/item/ItemHammerfortune1.java" md5: d66f34d1ea0acfcced1171873f5421ce
endProcessing "net/mcreator/machinetryallium/item/ItemHammerfortune1.java"

startProcessing "net/mcreator/machinetryallium/item/ItemHammerorb.java" md5: 283d821d9d68aee253a124395466331b
endProcessing "net/mcreator/machinetryallium/item/ItemHammerorb.java"

startProcessing "net/mcreator/machinetryallium/item/ItemHammersmelt.java" md5: 44c628e12dbc96c2bad7fcba10019f7b
endProcessing "net/mcreator/machinetryallium/item/ItemHammersmelt.java"

startProcessing "net/mcreator/machinetryallium/item/ItemHammerspeed.java" md5: 76ef86aa425a5b9f1ff5f039e6c3dc8b
endProcessing "net/mcreator/machinetryallium/item/ItemHammerspeed.java"

startProcessing "net/mcreator/machinetryallium/item/ItemHealthpearl.java" md5: a0fd8c1e061333de30e923cd65f3eb6f
endProcessing "net/mcreator/machinetryallium/item/ItemHealthpearl.java"

startProcessing "net/mcreator/machinetryallium/item/ItemHealthstick.java" md5: 0706969b3b8c97088680adce0b199ce7
endProcessing "net/mcreator/machinetryallium/item/ItemHealthstick.java"

startProcessing "net/mcreator/machinetryallium/item/ItemLiquidetryallium.java" md5: adf9cf7d959b7c94c2467ac2b008a53e
endProcessing "net/mcreator/machinetryallium/item/ItemLiquidetryallium.java"

startProcessing "net/mcreator/machinetryallium/item/ItemPerledeteleportation.java" md5: b451d7c07b6a25e8960c3b72185478af
endProcessing "net/mcreator/machinetryallium/item/ItemPerledeteleportation.java"

startProcessing "net/mcreator/machinetryallium/item/ItemPotionantichute.java" md5: ee79a009e02857e416a3b3c2241e63e8
endProcessing "net/mcreator/machinetryallium/item/ItemPotionantichute.java"

startProcessing "net/mcreator/machinetryallium/item/ItemSmeltupgrade.java" md5: 4be5fd69b7d5d4bc68d866b005839389
endProcessing "net/mcreator/machinetryallium/item/ItemSmeltupgrade.java"

startProcessing "net/mcreator/machinetryallium/item/ItemSpeedpearl.java" md5: b1490ffbc604479a27b54a1e2c171167
endProcessing "net/mcreator/machinetryallium/item/ItemSpeedpearl.java"

startProcessing "net/mcreator/machinetryallium/item/ItemSpeedstick.java" md5: d373321ec90b73279b15e0da7ecc4f29
endProcessing "net/mcreator/machinetryallium/item/ItemSpeedstick.java"

startProcessing "net/mcreator/machinetryallium/item/ItemSpeedupgrade.java" md5: 2ba3b54b7a55409899410d7b0f5b7a5c
endProcessing "net/mcreator/machinetryallium/item/ItemSpeedupgrade.java"

startProcessing "net/mcreator/machinetryallium/item/ItemStrenghtpearl.java" md5: 3ac0ce92920376c302efd29bd25e6f5b
endProcessing "net/mcreator/machinetryallium/item/ItemStrenghtpearl.java"

startProcessing "net/mcreator/machinetryallium/item/ItemStrenghtstick.java" md5: ae5b365868499b8e270851fa68d397ca
endProcessing "net/mcreator/machinetryallium/item/ItemStrenghtstick.java"

startProcessing "net/mcreator/machinetryallium/item/ItemTaaffeitAxe.java" md5: 4cfd54907c1fa404c492cd219c4b8393
endProcessing "net/mcreator/machinetryallium/item/ItemTaaffeitAxe.java"

startProcessing "net/mcreator/machinetryallium/item/ItemTaaffeitIngot.java" md5: 801d610fbcca20cfc37192d8b24328b2
endProcessing "net/mcreator/machinetryallium/item/ItemTaaffeitIngot.java"

startProcessing "net/mcreator/machinetryallium/item/ItemTaaffeitPickaxe.java" md5: dc9957e921298f8e753d61877a4a397a
endProcessing "net/mcreator/machinetryallium/item/ItemTaaffeitPickaxe.java"

startProcessing "net/mcreator/machinetryallium/item/ItemTaaffeitShovel.java" md5: 70b30f2fc9c4ae42298014e2e7ede34c
endProcessing "net/mcreator/machinetryallium/item/ItemTaaffeitShovel.java"

startProcessing "net/mcreator/machinetryallium/item/ItemTaaffeitSword.java" md5: bea9ba3febff378b69290c39a30ea39f
endProcessing "net/mcreator/machinetryallium/item/ItemTaaffeitSword.java"

startProcessing "net/mcreator/machinetryallium/item/ItemTaaffeite.java" md5: f0096cf991bd779cafd87e782ba3a460
endProcessing "net/mcreator/machinetryallium/item/ItemTaaffeite.java"

startProcessing "net/mcreator/machinetryallium/item/ItemTryallium.java" md5: 4582b07380d859e86f0aa4f3e62e09c6
endProcessing "net/mcreator/machinetryallium/item/ItemTryallium.java"

startProcessing "net/mcreator/machinetryallium/item/ItemTryalliumGem.java" md5: fcbe8436c29349f49dc16373d760caa0
endProcessing "net/mcreator/machinetryallium/item/ItemTryalliumGem.java"

startProcessing "net/mcreator/machinetryallium/item/ItemTryalliumapple.java" md5: ce4a94219b83073dd460c2099db1666b
endProcessing "net/mcreator/machinetryallium/item/ItemTryalliumapple.java"

startProcessing "net/mcreator/machinetryallium/item/ItemTryalliumaxe.java" md5: 10c6b21254a12cc154591dc92a18aac9
endProcessing "net/mcreator/machinetryallium/item/ItemTryalliumaxe.java"

startProcessing "net/mcreator/machinetryallium/item/ItemTryalliumbow.java" md5: cc355bcb9ddfe50e47d6652a3765a90b
endProcessing "net/mcreator/machinetryallium/item/ItemTryalliumbow.java"

startProcessing "net/mcreator/machinetryallium/item/ItemTryalliumpickaxe.java" md5: 258387b76dccda866b88725b05df97af
endProcessing "net/mcreator/machinetryallium/item/ItemTryalliumpickaxe.java"

startProcessing "net/mcreator/machinetryallium/item/ItemTryalliumstick.java" md5: 760e2fb40f35cbd628da3f75e47b79b7
endProcessing "net/mcreator/machinetryallium/item/ItemTryalliumstick.java"

startProcessing "net/mcreator/machinetryallium/item/ItemTryalliumsword.java" md5: 364e3699a962993d435c19dfeccfa36e
endProcessing "net/mcreator/machinetryallium/item/ItemTryalliumsword.java"

startProcessing "net/mcreator/machinetryallium/item/crafting/RecipeAzuriteOreSmelting.java" md5: c4d0ffa9964bd906802c6cec55057433
endProcessing "net/mcreator/machinetryallium/item/crafting/RecipeAzuriteOreSmelting.java"

startProcessing "net/mcreator/machinetryallium/item/crafting/RecipeTaaffeitOreSmelting.java" md5: eff34dcfaea663dcf1c9faa0d6932ba3
endProcessing "net/mcreator/machinetryallium/item/crafting/RecipeTaaffeitOreSmelting.java"

startProcessing "net/mcreator/machinetryallium/item/crafting/RecipeTryalliumOreSmelting.java" md5: 41bc1128cc65f6c32a8d8c89001564e7
endProcessing "net/mcreator/machinetryallium/item/crafting/RecipeTryalliumOreSmelting.java"

startProcessing "net/mcreator/machinetryallium/potion/PotionAntichute.java" md5: 749e9de35bf962ccfe9bac4788d1acf5
endProcessing "net/mcreator/machinetryallium/potion/PotionAntichute.java"

startProcessing "net/mcreator/machinetryallium/procedure/ProcedureAntichuteOnPotionActiveTick.java" md5: bdacdec0100751c5fefdfc1a219aa17c
endProcessing "net/mcreator/machinetryallium/procedure/ProcedureAntichuteOnPotionActiveTick.java"

startProcessing "net/mcreator/machinetryallium/procedure/ProcedureArdiumsanguineOnBlockRightClicked.java" md5: ff2a7d198abb22ad41ec327c9cfea6ec
endProcessing "net/mcreator/machinetryallium/procedure/ProcedureArdiumsanguineOnBlockRightClicked.java"

startProcessing "net/mcreator/machinetryallium/procedure/ProcedureArdiumsanguinemachineUpdateTick.java" md5: d362adef720a00592828d86e2f2bdf01
endProcessing "net/mcreator/machinetryallium/procedure/ProcedureArdiumsanguinemachineUpdateTick.java"

startProcessing "net/mcreator/machinetryallium/procedure/ProcedureAzuriteOreBlockDestroyedByPlayer.java" md5: 314b8fb25faade1e817e8adb8542c99d
endProcessing "net/mcreator/machinetryallium/procedure/ProcedureAzuriteOreBlockDestroyedByPlayer.java"

startProcessing "net/mcreator/machinetryallium/procedure/ProcedureCartepourallezminage.java" md5: 19b7d3282b47f19c4125afd1f1ceb1eb
endProcessing "net/mcreator/machinetryallium/procedure/ProcedureCartepourallezminage.java"

startProcessing "net/mcreator/machinetryallium/procedure/ProcedureCartepourretourlobbyfact.java" md5: f1401c65001bd5fa00065eca2f9196ba
endProcessing "net/mcreator/machinetryallium/procedure/ProcedureCartepourretourlobbyfact.java"

startProcessing "net/mcreator/machinetryallium/procedure/ProcedureDynamiteBulletHitsBlock.java" md5: 778bf5a5355efbfb0e199397913f20cc
endProcessing "net/mcreator/machinetryallium/procedure/ProcedureDynamiteBulletHitsBlock.java"

startProcessing "net/mcreator/machinetryallium/procedure/ProcedureEchelleEntityWalksOnTheBlock.java" md5: b96a35bd137acafd066f11a43d5210fd
endProcessing "net/mcreator/machinetryallium/procedure/ProcedureEchelleEntityWalksOnTheBlock.java"

startProcessing "net/mcreator/machinetryallium/procedure/ProcedureFlower1UpdateTick.java" md5: c49824dc70a7121c2cb8755810e778e0
endProcessing "net/mcreator/machinetryallium/procedure/ProcedureFlower1UpdateTick.java"

startProcessing "net/mcreator/machinetryallium/procedure/ProcedureFlower2UpdateTick.java" md5: 331e2721ae9e3fda045328fd26d2b514
endProcessing "net/mcreator/machinetryallium/procedure/ProcedureFlower2UpdateTick.java"

startProcessing "net/mcreator/machinetryallium/procedure/ProcedureFlower3UpdateTick.java" md5: f9bcca93394fbf78cb0c6c3b63d92a29
endProcessing "net/mcreator/machinetryallium/procedure/ProcedureFlower3UpdateTick.java"

startProcessing "net/mcreator/machinetryallium/procedure/ProcedureGoldstickRightClickedInAir.java" md5: c4e4db736fcc8f7acb7dd3007c149651
endProcessing "net/mcreator/machinetryallium/procedure/ProcedureGoldstickRightClickedInAir.java"

startProcessing "net/mcreator/machinetryallium/procedure/ProcedureGrainespawn.java" md5: 3c5208700c2f29fcfb78fd0674ec05e3
endProcessing "net/mcreator/machinetryallium/procedure/ProcedureGrainespawn.java"

startProcessing "net/mcreator/machinetryallium/procedure/ProcedureHammerBlockDestroyedWithTool.java" md5: 1a42513f0a9edcf907b48c44a03a7286
endProcessing "net/mcreator/machinetryallium/procedure/ProcedureHammerBlockDestroyedWithTool.java"

startProcessing "net/mcreator/machinetryallium/procedure/ProcedureHammerfortune1BlockDestroyedWithTool.java" md5: 4102f4a195212f57f1c5ba78968a3bd2
endProcessing "net/mcreator/machinetryallium/procedure/ProcedureHammerfortune1BlockDestroyedWithTool.java"

startProcessing "net/mcreator/machinetryallium/procedure/ProcedureHammerfortune1smeltBlockDestroyedWithTool.java" md5: bcdbea3c6896c4fbb2187c8b67a95f4c
endProcessing "net/mcreator/machinetryallium/procedure/ProcedureHammerfortune1smeltBlockDestroyedWithTool.java"

startProcessing "net/mcreator/machinetryallium/procedure/ProcedureHammerfortune2BlockDestroyedWithTool.java" md5: 91a8d95e04810ee12af97cd11706f4cf
endProcessing "net/mcreator/machinetryallium/procedure/ProcedureHammerfortune2BlockDestroyedWithTool.java"

startProcessing "net/mcreator/machinetryallium/procedure/ProcedureHammerfortune2smeltBlockDestroyedWithTool.java" md5: 19e1b0ab7916bab96664910ba745f2d0
endProcessing "net/mcreator/machinetryallium/procedure/ProcedureHammerfortune2smeltBlockDestroyedWithTool.java"

startProcessing "net/mcreator/machinetryallium/procedure/ProcedureHammerfortune3BlockDestroyedWithTool.java" md5: 4d2ff5aa7792cf36b4945b3ab09bf556
endProcessing "net/mcreator/machinetryallium/procedure/ProcedureHammerfortune3BlockDestroyedWithTool.java"

startProcessing "net/mcreator/machinetryallium/procedure/ProcedureHammerfortune3smeltBlockDestroyedWithTool.java" md5: a62271a33628f9e359c8aa2c139021e8
endProcessing "net/mcreator/machinetryallium/procedure/ProcedureHammerfortune3smeltBlockDestroyedWithTool.java"

startProcessing "net/mcreator/machinetryallium/procedure/ProcedureHammersmeltdetruitblock.java" md5: 7c454049b0b86d02f6abf0c018075bb9
endProcessing "net/mcreator/machinetryallium/procedure/ProcedureHammersmeltdetruitblock.java"

startProcessing "net/mcreator/machinetryallium/procedure/ProcedureHammerspeed2BlockDestroyedWithTool.java" md5: 8f564c3ef248748b2fb3504eb6a3d046
endProcessing "net/mcreator/machinetryallium/procedure/ProcedureHammerspeed2BlockDestroyedWithTool.java"

startProcessing "net/mcreator/machinetryallium/procedure/ProcedureHammerspeed3BlockDestroyedWithTool.java" md5: 85f35e9cce3ffd9f79156e7fed0eb954
endProcessing "net/mcreator/machinetryallium/procedure/ProcedureHammerspeed3BlockDestroyedWithTool.java"

startProcessing "net/mcreator/machinetryallium/procedure/ProcedureHammerspeeddetruitblock.java" md5: 3c0852540d31468538a1a3fd3909194b
endProcessing "net/mcreator/machinetryallium/procedure/ProcedureHammerspeeddetruitblock.java"

startProcessing "net/mcreator/machinetryallium/procedure/ProcedureHammerspeeddetruitblockBlockDestroyedWithTool.java" md5: 36c8295bd1a29f1d96afbc98b7a90d9a
endProcessing "net/mcreator/machinetryallium/procedure/ProcedureHammerspeeddetruitblockBlockDestroyedWithTool.java"

startProcessing "net/mcreator/machinetryallium/procedure/ProcedureHealthstickItemInInventoryTick.java" md5: b7b18b59c969ffac54da3cac350d000c
endProcessing "net/mcreator/machinetryallium/procedure/ProcedureHealthstickItemInInventoryTick.java"

startProcessing "net/mcreator/machinetryallium/procedure/ProcedureHealthstickRightClickedInAir.java" md5: 193b33d30183840610b1f60a216f8f45
endProcessing "net/mcreator/machinetryallium/procedure/ProcedureHealthstickRightClickedInAir.java"

startProcessing "net/mcreator/machinetryallium/procedure/ProcedureIrrigateurOnBlockRightClicked.java" md5: 3900e13f1ecdc9a3ff70a51249a38014
endProcessing "net/mcreator/machinetryallium/procedure/ProcedureIrrigateurOnBlockRightClicked.java"

startProcessing "net/mcreator/machinetryallium/procedure/ProcedureMachinecraft.java" md5: 2206b3e63122c65f8a2472552fae1764
endProcessing "net/mcreator/machinetryallium/procedure/ProcedureMachinecraft.java"

startProcessing "net/mcreator/machinetryallium/procedure/ProcedureMachinecraftlock.java" md5: c035f590580e4e48c4b1173bd244893c
endProcessing "net/mcreator/machinetryallium/procedure/ProcedureMachinecraftlock.java"

startProcessing "net/mcreator/machinetryallium/procedure/ProcedureMachineopen.java" md5: ac8d03116f926619e13d391ff1c2f4c6
endProcessing "net/mcreator/machinetryallium/procedure/ProcedureMachineopen.java"

startProcessing "net/mcreator/machinetryallium/procedure/ProcedureMachinerightclik.java" md5: c80955b8ec5879bfe1fa658ffd1cd2e3
endProcessing "net/mcreator/machinetryallium/procedure/ProcedureMachinerightclik.java"

startProcessing "net/mcreator/machinetryallium/procedure/ProcedureMapCommandExecuted.java" md5: 317116f3312a820897058e613a96e5fc
endProcessing "net/mcreator/machinetryallium/procedure/ProcedureMapCommandExecuted.java"

startProcessing "net/mcreator/machinetryallium/procedure/ProcedureNvcheckblock.java" md5: 2e97399b799f417bfa5050df5e83144d
endProcessing "net/mcreator/machinetryallium/procedure/ProcedureNvcheckblock.java"

startProcessing "net/mcreator/machinetryallium/procedure/ProcedureOuvrecoffe2.java" md5: 56cc32f78bd22eb6bfcddbbfde25b03f
endProcessing "net/mcreator/machinetryallium/procedure/ProcedureOuvrecoffe2.java"

startProcessing "net/mcreator/machinetryallium/procedure/ProcedureOuvrecofrre1.java" md5: 2e3d24a03604a000b38986742de655af
endProcessing "net/mcreator/machinetryallium/procedure/ProcedureOuvrecofrre1.java"

startProcessing "net/mcreator/machinetryallium/procedure/ProcedurePerledeteleportationBulletHitsBlock.java" md5: 4dd5552d884f738fc38be12587680d34
endProcessing "net/mcreator/machinetryallium/procedure/ProcedurePerledeteleportationBulletHitsBlock.java"

startProcessing "net/mcreator/machinetryallium/procedure/ProcedurePotionantichuteFoodEaten.java" md5: a5e84dd2cb93d7caff30f2b46897e23c
endProcessing "net/mcreator/machinetryallium/procedure/ProcedurePotionantichuteFoodEaten.java"

startProcessing "net/mcreator/machinetryallium/procedure/ProcedureSpeedstickItemInInventoryTick.java" md5: e54a8967dbbc17ebd0767999a1666c10
endProcessing "net/mcreator/machinetryallium/procedure/ProcedureSpeedstickItemInInventoryTick.java"

startProcessing "net/mcreator/machinetryallium/procedure/ProcedureSpeedstickRightClickedInAir.java" md5: e5bc1c6a2624ae914df5d653cb54c794
endProcessing "net/mcreator/machinetryallium/procedure/ProcedureSpeedstickRightClickedInAir.java"

startProcessing "net/mcreator/machinetryallium/procedure/ProcedureStickmachinee.java" md5: 2a18e0c8cc48a2815329333e69f184f6
endProcessing "net/mcreator/machinetryallium/procedure/ProcedureStickmachinee.java"

startProcessing "net/mcreator/machinetryallium/procedure/ProcedureStrenghtstickItemInInventoryTick.java" md5: 50b3f24e0e2c7aeebdb7e3049e79826c
endProcessing "net/mcreator/machinetryallium/procedure/ProcedureStrenghtstickItemInInventoryTick.java"

startProcessing "net/mcreator/machinetryallium/procedure/ProcedureStrenghtstickRightClickedInAir.java" md5: ca6c500906ab448fead74b6fd04db70d
endProcessing "net/mcreator/machinetryallium/procedure/ProcedureStrenghtstickRightClickedInAir.java"

startProcessing "net/mcreator/machinetryallium/procedure/ProcedureTaaffeitOreBlockDestroyedByPlayer.java" md5: 5bb8def08d9edaed660193ea0a1ca0ca
endProcessing "net/mcreator/machinetryallium/procedure/ProcedureTaaffeitOreBlockDestroyedByPlayer.java"

startProcessing "net/mcreator/machinetryallium/procedure/ProcedureTestirrigateur.java" md5: 78ebaa8de2eab63166fc19a67a3bb80c
endProcessing "net/mcreator/machinetryallium/procedure/ProcedureTestirrigateur.java"

startProcessing "net/mcreator/machinetryallium/procedure/ProcedureTryalliumBodyTickEvent.java" md5: 2226e8d55193a2ffcee54a2ba308ffd4
endProcessing "net/mcreator/machinetryallium/procedure/ProcedureTryalliumBodyTickEvent.java"

startProcessing "net/mcreator/machinetryallium/procedure/ProcedureTryalliumBootsTickEvent.java" md5: 731b25762882ad35d788113076a7ef64
endProcessing "net/mcreator/machinetryallium/procedure/ProcedureTryalliumBootsTickEvent.java"

startProcessing "net/mcreator/machinetryallium/procedure/ProcedureTryalliumHelmetTickEvent.java" md5: e968f20459f1cb1bc4c9f1ebb439cced
endProcessing "net/mcreator/machinetryallium/procedure/ProcedureTryalliumHelmetTickEvent.java"

startProcessing "net/mcreator/machinetryallium/procedure/ProcedureTryalliumLeggingsTickEvent.java" md5: 1a20969d34d361c33aecc5b2a791e792
endProcessing "net/mcreator/machinetryallium/procedure/ProcedureTryalliumLeggingsTickEvent.java"

startProcessing "net/mcreator/machinetryallium/procedure/ProcedureTryalliumOreBlockDestroyedByPlayer.java" md5: 5c9d98ebf13dfa49c7613d82a2e08d40
endProcessing "net/mcreator/machinetryallium/procedure/ProcedureTryalliumOreBlockDestroyedByPlayer.java"

startProcessing "net/mcreator/machinetryallium/procedure/ProcedureTryalliumappleFoodEaten.java" md5: 119ba6d5fa1ae8334947e8b5cfb6dcae
endProcessing "net/mcreator/machinetryallium/procedure/ProcedureTryalliumappleFoodEaten.java"

startProcessing "net/mcreator/machinetryallium/procedure/ProcedureTryalliumcoffreOnBlockRightClicked.java" md5: 1eb6eb3803bd2460e14b1d39d9b90557
endProcessing "net/mcreator/machinetryallium/procedure/ProcedureTryalliumcoffreOnBlockRightClicked.java"

startProcessing "net/mcreator/machinetryallium/procedure/ProcedureTryalliumseedPlantDestroyedByPlayer.java" md5: 55b5199997fc0d3d4e9e5e644147ba08
endProcessing "net/mcreator/machinetryallium/procedure/ProcedureTryalliumseedPlantDestroyedByPlayer.java"

startProcessing "net/mcreator/machinetryallium/procedure/ProcedureTryalliumseedUpdateTick.java" md5: bd4fc9983b266f0f1f8055d1451481f2
endProcessing "net/mcreator/machinetryallium/procedure/ProcedureTryalliumseedUpdateTick.java"

startProcessing "net/mcreator/machinetryallium/procedure/ProcedureUnclaim.java" md5: 9e4071552688dd291bb8575f123c8682
endProcessing "net/mcreator/machinetryallium/procedure/ProcedureUnclaim.java"

startProcessing "net/minecraft/util/math/MathHelper.java" md5: 68fa12780ba0b5eb44815b8901ab9eef
endProcessing "net/minecraft/util/math/MathHelper.java"

